<?xml version="1.0" encoding="UTF-8"?>
<TestRun id="7174713a-c92f-44c3-b43b-2fdff1e3422d" name="Admin@MICROSOF-4C612A 2011-05-29 01:26:37" runUser="MICROSOF-4C612A\Admin" xmlns="http://microsoft.com/schemas/VisualStudio/TeamTest/2010">
  <TestSettings name="Local" id="76ee2860-94f3-4131-b679-0acd674a39f8">
    <Description>These are default test settings for a local test run.</Description>
    <Deployment enabled="false" runDeploymentRoot="Admin_MICROSOF-4C612A 2011-05-29 01_26_37">
      <DeploymentItem filename="D:\DiplomProject\FaceRecognition\libs\Emgu.CV.UI.dll" />
      <DeploymentItem filename="C:\Program Files\Microsoft Enterprise Library 5.0\Bin\Microsoft.Practices.EnterpriseLibrary.Logging.dll" />
      <DeploymentItem filename="D:\DiplomProject\FaceRecognition\FaceImagesDataAccess\bin\Debug\FaceImagesDataAccess.dll" />
      <DeploymentItem filename="D:\DiplomProject\FaceImagesModel\bin\Debug\FaceImagesModel.dll" />
      <DeploymentItem filename="D:\DiplomProject\FaceRecognition\libs\Emgu.CV.ML.dll" />
      <DeploymentItem filename="C:\Program Files\Microsoft Enterprise Library 5.0\Bin\Microsoft.Practices.EnterpriseLibrary.ExceptionHandling.Logging.dll" />
      <DeploymentItem filename="D:\DiplomProject\FaceRecognition\libs\Emgu.CV.dll" />
      <DeploymentItem filename="C:\Program Files\Microsoft Enterprise Library 5.0\Bin\Microsoft.Practices.EnterpriseLibrary.ExceptionHandling.dll" />
      <DeploymentItem filename="D:\DiplomProject\FaceRecognition\bin\Debug\FaceRecognition.exe" />
      <DeploymentItem filename="D:\DiplomProject\FaceRecognition\libs\Emgu.Util.dll" />
      <DeploymentItem filename="C:\Program Files\Microsoft Enterprise Library 5.0\Bin\Microsoft.Practices.EnterpriseLibrary.Common.dll" />
      <DeploymentItem filename="D:\DiplomProject\FaceDetection\bin\Debug\FaceDetection.dll" />
      <DeploymentItem filename="D:\DiplomProject\BusyControl\bin\Debug\BusyControl.dll" />
      <DeploymentItem filename="D:\DiplomProject\FaceRecognition\libs\alglibnet2.dll" />
      <DeploymentItem filename="C:\Program Files\Microsoft Enterprise Library 5.0\Bin\Microsoft.Practices.ServiceLocation.dll" />
      <DeploymentItem filename="D:\DiplomProject\Utility\bin\Debug\Utility.dll" />
      <DeploymentItem filename="D:\DiplomProject\ImageView\bin\Debug\ImageView.dll" />
    </Deployment>
    <Execution>
      <TestTypeSpecific />
      <AgentRule name="Execution Agents">
      </AgentRule>
    </Execution>
  </TestSettings>
  <Times creation="2011-05-29T01:26:37.4687500+03:00" queuing="2011-05-29T01:26:42.7500000+03:00" start="2011-05-29T01:26:44.0937500+03:00" finish="2011-05-29T01:28:54.5312500+03:00" />
  <ResultSummary outcome="Error">
    <Counters total="330" executed="330" error="0" failed="194" timeout="0" aborted="0" inconclusive="136" passedButRunAborted="0" notRunnable="0" notExecuted="0" disconnected="0" warning="0" passed="0" completed="0" inProgress="0" pending="0" />
    <Output>
      <DebugTrace>SelectionRecognitionMethodViewModel () (8212921) Finalized
SelectionRecognitionMethodViewModel () (33132169) Finalized
</DebugTrace>
    </Output>
    <RunInfos>
      <RunInfo computerName="MICROSOF-4C612A" outcome="Error" timestamp="2011-05-29T01:26:59.4218750+03:00">
        <Text>One of the background threads threw exception: 
System.NullReferenceException: Object reference not set to an instance of an object.
   at Microsoft.VisualStudio.TestTools.UnitTesting.PrivateObject.Invoke(String name, BindingFlags bindingFlags, Type[] parameterTypes, Object[] args, CultureInfo culture, Type[] typeArguments)
   at FaceRecognition.ViewModel.ViewModelBase_Accessor.Finalize()</Text>
      </RunInfo>
    </RunInfos>
  </ResultSummary>
  <TestDefinitions>
    <UnitTest name="DataBaseNamesTest" storage="d:\diplomproject\facerecognition\facerecognition.test\bin\debug\facerecognition.test.dll" id="bef89028-c1c4-18cc-0df3-48b046c3bb00">
      <Execution id="b9d64113-626d-408b-b833-f2a6bb9764d1" />
      <TestMethod codeBase="D:/DiplomProject/FaceRecognition/FaceRecognition.Test/bin/Debug/FaceRecognition.Test.DLL" adapterTypeName="Microsoft.VisualStudio.TestTools.TestTypes.Unit.UnitTestAdapter, Microsoft.VisualStudio.QualityTools.Tips.UnitTest.Adapter, Version=10.0.0.0, Culture=neutral, PublicKeyToken=b03f5f7f11d50a3a" className="FaceRecognition.Test.SelectionDataBaseViewModelTest, FaceRecognition.Test, Version=1.0.0.0, Culture=neutral, PublicKeyToken=null" name="DataBaseNamesTest" />
    </UnitTest>
    <UnitTest name="RecognizeMethodsViewModelBase_DrawRecongitionResultsEventTest" storage="d:\diplomproject\facerecognition\facerecognition.test\bin\debug\facerecognition.test.dll" id="aee5175d-4b23-99fd-ce7f-98f9847c3408">
      <DeploymentItems>
        <DeploymentItem filename="FaceRecognition.exe" />
      </DeploymentItems>
      <Execution id="d96ae1c2-57d9-4543-a192-9ab4fbaa3632" />
      <TestMethod codeBase="D:/DiplomProject/FaceRecognition/FaceRecognition.Test/bin/Debug/FaceRecognition.Test.DLL" adapterTypeName="Microsoft.VisualStudio.TestTools.TestTypes.Unit.UnitTestAdapter, Microsoft.VisualStudio.QualityTools.Tips.UnitTest.Adapter, Version=10.0.0.0, Culture=neutral, PublicKeyToken=b03f5f7f11d50a3a" className="FaceRecognition.Test.MainWindowTest, FaceRecognition.Test, Version=1.0.0.0, Culture=neutral, PublicKeyToken=null" name="RecognizeMethodsViewModelBase_DrawRecongitionResultsEventTest" />
    </UnitTest>
    <UnitTest name="RecognitionMethodsTest" storage="d:\diplomproject\facerecognition\facerecognition.test\bin\debug\facerecognition.test.dll" id="2fe000f4-9be8-ed4a-f3d2-717ab76175fb">
      <Execution id="b2b5f148-b14e-4857-b981-015e53a94035" />
      <TestMethod codeBase="D:/DiplomProject/FaceRecognition/FaceRecognition.Test/bin/Debug/FaceRecognition.Test.DLL" adapterTypeName="Microsoft.VisualStudio.TestTools.TestTypes.Unit.UnitTestAdapter, Microsoft.VisualStudio.QualityTools.Tips.UnitTest.Adapter, Version=10.0.0.0, Culture=neutral, PublicKeyToken=b03f5f7f11d50a3a" className="FaceRecognition.Test.SelectionRecognitionMethodViewModelTest, FaceRecognition.Test, Version=1.0.0.0, Culture=neutral, PublicKeyToken=null" name="RecognitionMethodsTest" />
    </UnitTest>
    <UnitTest name="OnDrawRecognizedFacesTest" storage="d:\diplomproject\facerecognition\facerecognition.test\bin\debug\facerecognition.test.dll" id="f1bc5729-3503-1ab7-34dc-5bef87c78d97">
      <DeploymentItems>
        <DeploymentItem filename="FaceRecognition.exe" />
      </DeploymentItems>
      <Execution id="bfcc867a-fb9a-46b7-8509-1983748f5295" />
      <TestMethod codeBase="D:/DiplomProject/FaceRecognition/FaceRecognition.Test/bin/Debug/FaceRecognition.Test.DLL" adapterTypeName="Microsoft.VisualStudio.TestTools.TestTypes.Unit.UnitTestAdapter, Microsoft.VisualStudio.QualityTools.Tips.UnitTest.Adapter, Version=10.0.0.0, Culture=neutral, PublicKeyToken=b03f5f7f11d50a3a" className="FaceRecognition.Test.RecognizeMethodsViewModelBaseTest, FaceRecognition.Test, Version=1.0.0.0, Culture=neutral, PublicKeyToken=null" name="OnDrawRecognizedFacesTest" />
    </UnitTest>
    <UnitTest name="PreprocessingPanelControlConstructorTest" storage="d:\diplomproject\facerecognition\facerecognition.test\bin\debug\facerecognition.test.dll" id="dc1ef0bd-6a60-0316-e952-c36a1c041e99">
      <Execution id="a44ade4f-82be-409c-be83-39e4b6ec0525" />
      <TestMethod codeBase="D:/DiplomProject/FaceRecognition/FaceRecognition.Test/bin/Debug/FaceRecognition.Test.DLL" adapterTypeName="Microsoft.VisualStudio.TestTools.TestTypes.Unit.UnitTestAdapter, Microsoft.VisualStudio.QualityTools.Tips.UnitTest.Adapter, Version=10.0.0.0, Culture=neutral, PublicKeyToken=b03f5f7f11d50a3a" className="FaceRecognition.Test.PreprocessingPanelControlTest, FaceRecognition.Test, Version=1.0.0.0, Culture=neutral, PublicKeyToken=null" name="PreprocessingPanelControlConstructorTest" />
    </UnitTest>
    <UnitTest name="FillPanelTest" storage="d:\diplomproject\facerecognition\facerecognition.test\bin\debug\facerecognition.test.dll" id="d5ff86e7-0087-d6d5-37ae-815a2ec5cb44">
      <DeploymentItems>
        <DeploymentItem filename="FaceRecognition.exe" />
      </DeploymentItems>
      <Execution id="66565792-f049-4899-b3bd-9f7109b0740b" />
      <TestMethod codeBase="D:/DiplomProject/FaceRecognition/FaceRecognition.Test/bin/Debug/FaceRecognition.Test.DLL" adapterTypeName="Microsoft.VisualStudio.TestTools.TestTypes.Unit.UnitTestAdapter, Microsoft.VisualStudio.QualityTools.Tips.UnitTest.Adapter, Version=10.0.0.0, Culture=neutral, PublicKeyToken=b03f5f7f11d50a3a" className="FaceRecognition.Test.RecognizePanelControlTest, FaceRecognition.Test, Version=1.0.0.0, Culture=neutral, PublicKeyToken=null" name="FillPanelTest" />
    </UnitTest>
    <UnitTest name="SaveTrainTestFacesTest" storage="d:\diplomproject\facerecognition\facerecognition.test\bin\debug\facerecognition.test.dll" id="901d3ce9-23a3-ae6e-5b1f-55980f7d1d1f">
      <Execution id="5204bd05-669c-40fb-a9b0-cca9b44a13df" />
      <TestMethod codeBase="D:/DiplomProject/FaceRecognition/FaceRecognition.Test/bin/Debug/FaceRecognition.Test.DLL" adapterTypeName="Microsoft.VisualStudio.TestTools.TestTypes.Unit.UnitTestAdapter, Microsoft.VisualStudio.QualityTools.Tips.UnitTest.Adapter, Version=10.0.0.0, Culture=neutral, PublicKeyToken=b03f5f7f11d50a3a" className="FaceRecognition.Test.ExtractFeaturesTest, FaceRecognition.Test, Version=1.0.0.0, Culture=neutral, PublicKeyToken=null" name="SaveTrainTestFacesTest" />
    </UnitTest>
    <UnitTest name="SaveAsTest" storage="d:\diplomproject\facerecognition\facerecognition.test\bin\debug\facerecognition.test.dll" id="3d572331-a586-0b4d-2c20-72e89cadaa26">
      <Execution id="f03ceb5d-fde8-4273-908a-042cb0439c83" />
      <TestMethod codeBase="D:/DiplomProject/FaceRecognition/FaceRecognition.Test/bin/Debug/FaceRecognition.Test.DLL" adapterTypeName="Microsoft.VisualStudio.TestTools.TestTypes.Unit.UnitTestAdapter, Microsoft.VisualStudio.QualityTools.Tips.UnitTest.Adapter, Version=10.0.0.0, Culture=neutral, PublicKeyToken=b03f5f7f11d50a3a" className="FaceRecognition.Test._WorkbookTest, FaceRecognition.Test, Version=1.0.0.0, Culture=neutral, PublicKeyToken=null" name="SaveAsTest" />
    </UnitTest>
    <UnitTest name="InitializeComponentTest" storage="d:\diplomproject\facerecognition\facerecognition.test\bin\debug\facerecognition.test.dll" id="d8f32642-8d1c-71ed-4f65-f249e674add2">
      <Execution id="1125dc67-f203-41f2-99d4-5921fb5f488e" />
      <TestMethod codeBase="D:/DiplomProject/FaceRecognition/FaceRecognition.Test/bin/Debug/FaceRecognition.Test.DLL" adapterTypeName="Microsoft.VisualStudio.TestTools.TestTypes.Unit.UnitTestAdapter, Microsoft.VisualStudio.QualityTools.Tips.UnitTest.Adapter, Version=10.0.0.0, Culture=neutral, PublicKeyToken=b03f5f7f11d50a3a" className="FaceRecognition.Test.PreprocessingPanelControlTest, FaceRecognition.Test, Version=1.0.0.0, Culture=neutral, PublicKeyToken=null" name="InitializeComponentTest" />
    </UnitTest>
    <UnitTest name="BackPropagateTest" storage="d:\diplomproject\facerecognition\facerecognition.test\bin\debug\facerecognition.test.dll" id="37f5fc19-6608-18ab-be13-9627bdbc233e">
      <Execution id="a8e852bb-de6d-4a51-9114-67ba3b58d89d" />
      <TestMethod codeBase="D:/DiplomProject/FaceRecognition/FaceRecognition.Test/bin/Debug/FaceRecognition.Test.DLL" adapterTypeName="Microsoft.VisualStudio.TestTools.TestTypes.Unit.UnitTestAdapter, Microsoft.VisualStudio.QualityTools.Tips.UnitTest.Adapter, Version=10.0.0.0, Culture=neutral, PublicKeyToken=b03f5f7f11d50a3a" className="FaceRecognition.Test.IBackPropagationTest, FaceRecognition.Test, Version=1.0.0.0, Culture=neutral, PublicKeyToken=null" name="BackPropagateTest" />
    </UnitTest>
    <UnitTest name="IterationsTest" storage="d:\diplomproject\facerecognition\facerecognition.test\bin\debug\facerecognition.test.dll" id="0e0d7f5d-0a98-23c2-b597-7c9b9a7019dc">
      <Execution id="9937a81e-6fca-4a9f-88a4-45e6b5a8d344" />
      <TestMethod codeBase="D:/DiplomProject/FaceRecognition/FaceRecognition.Test/bin/Debug/FaceRecognition.Test.DLL" adapterTypeName="Microsoft.VisualStudio.TestTools.TestTypes.Unit.UnitTestAdapter, Microsoft.VisualStudio.QualityTools.Tips.UnitTest.Adapter, Version=10.0.0.0, Culture=neutral, PublicKeyToken=b03f5f7f11d50a3a" className="FaceRecognition.Test.NeuralNetworksViewModelTest, FaceRecognition.Test, Version=1.0.0.0, Culture=neutral, PublicKeyToken=null" name="IterationsTest" />
    </UnitTest>
    <UnitTest name="LearningRateTest" storage="d:\diplomproject\facerecognition\facerecognition.test\bin\debug\facerecognition.test.dll" id="7dabda3f-cdc5-4f6f-af53-889ef5d47a49">
      <Execution id="c0093367-096d-4abd-bfa1-ba1367666365" />
      <TestMethod codeBase="D:/DiplomProject/FaceRecognition/FaceRecognition.Test/bin/Debug/FaceRecognition.Test.DLL" adapterTypeName="Microsoft.VisualStudio.TestTools.TestTypes.Unit.UnitTestAdapter, Microsoft.VisualStudio.QualityTools.Tips.UnitTest.Adapter, Version=10.0.0.0, Culture=neutral, PublicKeyToken=b03f5f7f11d50a3a" className="FaceRecognition.Test.BackPropagationTwoLayersTest, FaceRecognition.Test, Version=1.0.0.0, Culture=neutral, PublicKeyToken=null" name="LearningRateTest" />
    </UnitTest>
    <UnitTest name="ProcessVectorForInputNetTest" storage="d:\diplomproject\facerecognition\facerecognition.test\bin\debug\facerecognition.test.dll" id="6705170e-4797-38f4-57ce-eb29eb992254">
      <DeploymentItems>
        <DeploymentItem filename="FaceRecognition.exe" />
      </DeploymentItems>
      <Execution id="7608bfb4-f646-4876-a1e6-f9ed6ea48466" />
      <TestMethod codeBase="D:/DiplomProject/FaceRecognition/FaceRecognition.Test/bin/Debug/FaceRecognition.Test.DLL" adapterTypeName="Microsoft.VisualStudio.TestTools.TestTypes.Unit.UnitTestAdapter, Microsoft.VisualStudio.QualityTools.Tips.UnitTest.Adapter, Version=10.0.0.0, Culture=neutral, PublicKeyToken=b03f5f7f11d50a3a" className="FaceRecognition.Test.ExtractFeaturesTest, FaceRecognition.Test, Version=1.0.0.0, Culture=neutral, PublicKeyToken=null" name="ProcessVectorForInputNetTest" />
    </UnitTest>
    <UnitTest name="ResetTest" storage="d:\diplomproject\facerecognition\facerecognition.test\bin\debug\facerecognition.test.dll" id="d0665e38-1f3a-ab11-ec00-aec5b87f160c">
      <Execution id="8056602b-a1a4-4663-9800-c8d4692b3473" />
      <TestMethod codeBase="D:/DiplomProject/FaceRecognition/FaceRecognition.Test/bin/Debug/FaceRecognition.Test.DLL" adapterTypeName="Microsoft.VisualStudio.TestTools.TestTypes.Unit.UnitTestAdapter, Microsoft.VisualStudio.QualityTools.Tips.UnitTest.Adapter, Version=10.0.0.0, Culture=neutral, PublicKeyToken=b03f5f7f11d50a3a" className="FaceRecognition.Test.RecognitionMethodsEnumTest, FaceRecognition.Test, Version=1.0.0.0, Culture=neutral, PublicKeyToken=null" name="ResetTest" />
    </UnitTest>
    <UnitTest name="TrainSuccessEventArgsConstructorTest" storage="d:\diplomproject\facerecognition\facerecognition.test\bin\debug\facerecognition.test.dll" id="8a1333c1-c909-f5dc-e05e-cbdcf0394349">
      <Execution id="f018caa2-984c-4bf2-9ba4-92d9a455f24f" />
      <TestMethod codeBase="D:/DiplomProject/FaceRecognition/FaceRecognition.Test/bin/Debug/FaceRecognition.Test.DLL" adapterTypeName="Microsoft.VisualStudio.TestTools.TestTypes.Unit.UnitTestAdapter, Microsoft.VisualStudio.QualityTools.Tips.UnitTest.Adapter, Version=10.0.0.0, Culture=neutral, PublicKeyToken=b03f5f7f11d50a3a" className="FaceRecognition.Test.TrainSuccessEventArgsTest, FaceRecognition.Test, Version=1.0.0.0, Culture=neutral, PublicKeyToken=null" name="TrainSuccessEventArgsConstructorTest" />
    </UnitTest>
    <UnitTest name="QuitTest" storage="d:\diplomproject\facerecognition\facerecognition.test\bin\debug\facerecognition.test.dll" id="6537942d-a9e0-06b3-1278-f079404dcd6a">
      <Execution id="a6e023ab-0c08-4547-a13a-f65ec158ddf3" />
      <TestMethod codeBase="D:/DiplomProject/FaceRecognition/FaceRecognition.Test/bin/Debug/FaceRecognition.Test.DLL" adapterTypeName="Microsoft.VisualStudio.TestTools.TestTypes.Unit.UnitTestAdapter, Microsoft.VisualStudio.QualityTools.Tips.UnitTest.Adapter, Version=10.0.0.0, Culture=neutral, PublicKeyToken=b03f5f7f11d50a3a" className="FaceRecognition.Test._ApplicationTest, FaceRecognition.Test, Version=1.0.0.0, Culture=neutral, PublicKeyToken=null" name="QuitTest" />
    </UnitTest>
    <UnitTest name="StopTest" storage="d:\diplomproject\facerecognition\facerecognition.test\bin\debug\facerecognition.test.dll" id="c70a6a18-2f3c-341f-b526-9d9db92be705">
      <Execution id="f22dcd61-f2e0-440e-8f79-e8456994696e" />
      <TestMethod codeBase="D:/DiplomProject/FaceRecognition/FaceRecognition.Test/bin/Debug/FaceRecognition.Test.DLL" adapterTypeName="Microsoft.VisualStudio.TestTools.TestTypes.Unit.UnitTestAdapter, Microsoft.VisualStudio.QualityTools.Tips.UnitTest.Adapter, Version=10.0.0.0, Culture=neutral, PublicKeyToken=b03f5f7f11d50a3a" className="FaceRecognition.Test.NeuralEventArgsTest, FaceRecognition.Test, Version=1.0.0.0, Culture=neutral, PublicKeyToken=null" name="StopTest" />
    </UnitTest>
    <UnitTest name="IsSuccessTest" storage="d:\diplomproject\facerecognition\facerecognition.test\bin\debug\facerecognition.test.dll" id="d4f17dbd-3843-af90-3a4e-885b62104069">
      <DeploymentItems>
        <DeploymentItem filename="FaceRecognition.exe" />
      </DeploymentItems>
      <Execution id="7a14cb51-2469-42c4-a4c1-97b3d237a363" />
      <TestMethod codeBase="D:/DiplomProject/FaceRecognition/FaceRecognition.Test/bin/Debug/FaceRecognition.Test.DLL" adapterTypeName="Microsoft.VisualStudio.TestTools.TestTypes.Unit.UnitTestAdapter, Microsoft.VisualStudio.QualityTools.Tips.UnitTest.Adapter, Version=10.0.0.0, Culture=neutral, PublicKeyToken=b03f5f7f11d50a3a" className="FaceRecognition.Test.TrainSuccessEventArgsTest, FaceRecognition.Test, Version=1.0.0.0, Culture=neutral, PublicKeyToken=null" name="IsSuccessTest" />
    </UnitTest>
    <UnitTest name="OnFacesGotTest" storage="d:\diplomproject\facerecognition\facerecognition.test\bin\debug\facerecognition.test.dll" id="4432d5dc-b42b-77da-d1ff-a0ade87d04a3">
      <DeploymentItems>
        <DeploymentItem filename="FaceRecognition.exe" />
      </DeploymentItems>
      <Execution id="efc4ce9e-b5fd-48be-af06-657a497682b8" />
      <TestMethod codeBase="D:/DiplomProject/FaceRecognition/FaceRecognition.Test/bin/Debug/FaceRecognition.Test.DLL" adapterTypeName="Microsoft.VisualStudio.TestTools.TestTypes.Unit.UnitTestAdapter, Microsoft.VisualStudio.QualityTools.Tips.UnitTest.Adapter, Version=10.0.0.0, Culture=neutral, PublicKeyToken=b03f5f7f11d50a3a" className="FaceRecognition.Test.PreprocessingPanelControlTest, FaceRecognition.Test, Version=1.0.0.0, Culture=neutral, PublicKeyToken=null" name="OnFacesGotTest" />
    </UnitTest>
    <UnitTest name="CloseTest" storage="d:\diplomproject\facerecognition\facerecognition.test\bin\debug\facerecognition.test.dll" id="4ae91caf-d8f8-b134-ef42-3030fca54c5a">
      <Execution id="14e3cac2-0365-43a2-8e37-37bb9dac1706" />
      <TestMethod codeBase="D:/DiplomProject/FaceRecognition/FaceRecognition.Test/bin/Debug/FaceRecognition.Test.DLL" adapterTypeName="Microsoft.VisualStudio.TestTools.TestTypes.Unit.UnitTestAdapter, Microsoft.VisualStudio.QualityTools.Tips.UnitTest.Adapter, Version=10.0.0.0, Culture=neutral, PublicKeyToken=b03f5f7f11d50a3a" className="FaceRecognition.Test._WorkbookTest, FaceRecognition.Test, Version=1.0.0.0, Culture=neutral, PublicKeyToken=null" name="CloseTest" />
    </UnitTest>
    <UnitTest name="RecognizePanelControlConstructorTest1" storage="d:\diplomproject\facerecognition\facerecognition.test\bin\debug\facerecognition.test.dll" id="6b2bd8ee-2d3c-e14d-3452-eafe7133423e">
      <Execution id="4ff2bf12-51af-49b5-a824-712b8af565f7" />
      <TestMethod codeBase="D:/DiplomProject/FaceRecognition/FaceRecognition.Test/bin/Debug/FaceRecognition.Test.DLL" adapterTypeName="Microsoft.VisualStudio.TestTools.TestTypes.Unit.UnitTestAdapter, Microsoft.VisualStudio.QualityTools.Tips.UnitTest.Adapter, Version=10.0.0.0, Culture=neutral, PublicKeyToken=b03f5f7f11d50a3a" className="FaceRecognition.Test.RecognizePanelControlTest, FaceRecognition.Test, Version=1.0.0.0, Culture=neutral, PublicKeyToken=null" name="RecognizePanelControlConstructorTest1" />
    </UnitTest>
    <UnitTest name="_trainTimer_ElapsedTest" storage="d:\diplomproject\facerecognition\facerecognition.test\bin\debug\facerecognition.test.dll" id="18d3781a-ec4e-a3cb-1253-8c635d00c540">
      <DeploymentItems>
        <DeploymentItem filename="FaceRecognition.exe" />
      </DeploymentItems>
      <Execution id="391f06e5-68a3-47c8-8a72-a893ca3a9525" />
      <TestMethod codeBase="D:/DiplomProject/FaceRecognition/FaceRecognition.Test/bin/Debug/FaceRecognition.Test.DLL" adapterTypeName="Microsoft.VisualStudio.TestTools.TestTypes.Unit.UnitTestAdapter, Microsoft.VisualStudio.QualityTools.Tips.UnitTest.Adapter, Version=10.0.0.0, Culture=neutral, PublicKeyToken=b03f5f7f11d50a3a" className="FaceRecognition.Test.EigenFaceViewModelTest, FaceRecognition.Test, Version=1.0.0.0, Culture=neutral, PublicKeyToken=null" name="_trainTimer_ElapsedTest" />
    </UnitTest>
    <UnitTest name="TrainTest" storage="d:\diplomproject\facerecognition\facerecognition.test\bin\debug\facerecognition.test.dll" id="66b8266b-dacb-24a9-cb14-316eeb8fc5b7">
      <Execution id="af0feb4f-ad23-44d7-8332-05f59b97fc22" />
      <TestMethod codeBase="D:/DiplomProject/FaceRecognition/FaceRecognition.Test/bin/Debug/FaceRecognition.Test.DLL" adapterTypeName="Microsoft.VisualStudio.TestTools.TestTypes.Unit.UnitTestAdapter, Microsoft.VisualStudio.QualityTools.Tips.UnitTest.Adapter, Version=10.0.0.0, Culture=neutral, PublicKeyToken=b03f5f7f11d50a3a" className="FaceRecognition.Test.NeuralNetworkTest, FaceRecognition.Test, Version=1.0.0.0, Culture=neutral, PublicKeyToken=null" name="TrainTest" />
    </UnitTest>
    <UnitTest name="TrainImageListView_SelectionChangedTest" storage="d:\diplomproject\facerecognition\facerecognition.test\bin\debug\facerecognition.test.dll" id="7a70082a-f4a5-92e1-fade-11eb838295a1">
      <DeploymentItems>
        <DeploymentItem filename="FaceRecognition.exe" />
      </DeploymentItems>
      <Execution id="5f7d7734-a650-48ed-bacb-b0effed1408e" />
      <TestMethod codeBase="D:/DiplomProject/FaceRecognition/FaceRecognition.Test/bin/Debug/FaceRecognition.Test.DLL" adapterTypeName="Microsoft.VisualStudio.TestTools.TestTypes.Unit.UnitTestAdapter, Microsoft.VisualStudio.QualityTools.Tips.UnitTest.Adapter, Version=10.0.0.0, Culture=neutral, PublicKeyToken=b03f5f7f11d50a3a" className="FaceRecognition.Test.SelectionTrainTestImagesControlTest, FaceRecognition.Test, Version=1.0.0.0, Culture=neutral, PublicKeyToken=null" name="TrainImageListView_SelectionChangedTest" />
    </UnitTest>
    <UnitTest name="RecognizedClassViewModelTest" storage="d:\diplomproject\facerecognition\facerecognition.test\bin\debug\facerecognition.test.dll" id="8024e596-115d-b243-ffb7-515548d31303">
      <Execution id="180cadb4-f7da-476c-b656-aa2fb001c898" />
      <TestMethod codeBase="D:/DiplomProject/FaceRecognition/FaceRecognition.Test/bin/Debug/FaceRecognition.Test.DLL" adapterTypeName="Microsoft.VisualStudio.TestTools.TestTypes.Unit.UnitTestAdapter, Microsoft.VisualStudio.QualityTools.Tips.UnitTest.Adapter, Version=10.0.0.0, Culture=neutral, PublicKeyToken=b03f5f7f11d50a3a" className="FaceRecognition.Test.RecognizeClassControlTest, FaceRecognition.Test, Version=1.0.0.0, Culture=neutral, PublicKeyToken=null" name="RecognizedClassViewModelTest" />
    </UnitTest>
    <UnitTest name="d__diplomprojects_diplomproject_facerecognition_styles_borderstyle_xamlConstructorTest" storage="d:\diplomproject\facerecognition\facerecognition.test\bin\debug\facerecognition.test.dll" id="a0699bc4-df7a-33ba-8d23-da6f08467d19">
      <Execution id="8fd926ee-c131-454f-9881-1d12ea6895fe" />
      <TestMethod codeBase="D:/DiplomProject/FaceRecognition/FaceRecognition.Test/bin/Debug/FaceRecognition.Test.DLL" adapterTypeName="Microsoft.VisualStudio.TestTools.TestTypes.Unit.UnitTestAdapter, Microsoft.VisualStudio.QualityTools.Tips.UnitTest.Adapter, Version=10.0.0.0, Culture=neutral, PublicKeyToken=b03f5f7f11d50a3a" className="FaceRecognition.Test.d__diplomprojects_diplomproject_facerecognition_styles_borderstyle_xamlTest, FaceRecognition.Test, Version=1.0.0.0, Culture=neutral, PublicKeyToken=null" name="d__diplomprojects_diplomproject_facerecognition_styles_borderstyle_xamlConstructorTest" />
    </UnitTest>
    <UnitTest name="ConnectTest" storage="d:\diplomproject\facerecognition\facerecognition.test\bin\debug\facerecognition.test.dll" id="7ed933c2-5fd8-e60c-2061-cfb8096d2ac7">
      <DeploymentItems>
        <DeploymentItem filename="FaceRecognition.exe" />
      </DeploymentItems>
      <Execution id="fbf1907a-626a-4357-a132-40bb7dc7025e" />
      <TestMethod codeBase="D:/DiplomProject/FaceRecognition/FaceRecognition.Test/bin/Debug/FaceRecognition.Test.DLL" adapterTypeName="Microsoft.VisualStudio.TestTools.TestTypes.Unit.UnitTestAdapter, Microsoft.VisualStudio.QualityTools.Tips.UnitTest.Adapter, Version=10.0.0.0, Culture=neutral, PublicKeyToken=b03f5f7f11d50a3a" className="FaceRecognition.Test.SelectionTrainTestImagesControlTest, FaceRecognition.Test, Version=1.0.0.0, Culture=neutral, PublicKeyToken=null" name="ConnectTest" />
    </UnitTest>
    <UnitTest name="GetFaceImagesTest" storage="d:\diplomproject\facerecognition\facerecognition.test\bin\debug\facerecognition.test.dll" id="88e4779f-cada-e84e-1475-8f7b9d9ef12f">
      <DeploymentItems>
        <DeploymentItem filename="FaceRecognition.exe" />
      </DeploymentItems>
      <Execution id="6a2abae9-f576-4f5d-a21c-865700221505" />
      <TestMethod codeBase="D:/DiplomProject/FaceRecognition/FaceRecognition.Test/bin/Debug/FaceRecognition.Test.DLL" adapterTypeName="Microsoft.VisualStudio.TestTools.TestTypes.Unit.UnitTestAdapter, Microsoft.VisualStudio.QualityTools.Tips.UnitTest.Adapter, Version=10.0.0.0, Culture=neutral, PublicKeyToken=b03f5f7f11d50a3a" className="FaceRecognition.Test.SelectionTrainTestImagesViewModelTest, FaceRecognition.Test, Version=1.0.0.0, Culture=neutral, PublicKeyToken=null" name="GetFaceImagesTest" />
    </UnitTest>
    <UnitTest name="FileName_TrainImagesTest" storage="d:\diplomproject\facerecognition\facerecognition.test\bin\debug\facerecognition.test.dll" id="b0596e03-20c0-37c9-959b-753b5eed9055">
      <Execution id="234b9a50-b105-4732-932f-4e9ac5c44968" />
      <TestMethod codeBase="D:/DiplomProject/FaceRecognition/FaceRecognition.Test/bin/Debug/FaceRecognition.Test.DLL" adapterTypeName="Microsoft.VisualStudio.TestTools.TestTypes.Unit.UnitTestAdapter, Microsoft.VisualStudio.QualityTools.Tips.UnitTest.Adapter, Version=10.0.0.0, Culture=neutral, PublicKeyToken=b03f5f7f11d50a3a" className="FaceRecognition.Test.StringsTest, FaceRecognition.Test, Version=1.0.0.0, Culture=neutral, PublicKeyToken=null" name="FileName_TrainImagesTest" />
    </UnitTest>
    <UnitTest name="trainButton_ClickTest" storage="d:\diplomproject\facerecognition\facerecognition.test\bin\debug\facerecognition.test.dll" id="26bf3e8c-14ce-b71b-465e-6ba862c4eecc">
      <DeploymentItems>
        <DeploymentItem filename="FaceRecognition.exe" />
      </DeploymentItems>
      <Execution id="b49c1e35-5dd1-450c-8a4b-c96c489b6a28" />
      <TestMethod codeBase="D:/DiplomProject/FaceRecognition/FaceRecognition.Test/bin/Debug/FaceRecognition.Test.DLL" adapterTypeName="Microsoft.VisualStudio.TestTools.TestTypes.Unit.UnitTestAdapter, Microsoft.VisualStudio.QualityTools.Tips.UnitTest.Adapter, Version=10.0.0.0, Culture=neutral, PublicKeyToken=b03f5f7f11d50a3a" className="FaceRecognition.Test.EigenFaceControlTest, FaceRecognition.Test, Version=1.0.0.0, Culture=neutral, PublicKeyToken=null" name="trainButton_ClickTest" />
    </UnitTest>
    <UnitTest name="CreateVectorsAfterFFTTest" storage="d:\diplomproject\facerecognition\facerecognition.test\bin\debug\facerecognition.test.dll" id="c230e028-082a-df6b-3607-998c022b657f">
      <Execution id="2e8541ee-bdb5-439f-bbec-41c28f9e0e94" />
      <TestMethod codeBase="D:/DiplomProject/FaceRecognition/FaceRecognition.Test/bin/Debug/FaceRecognition.Test.DLL" adapterTypeName="Microsoft.VisualStudio.TestTools.TestTypes.Unit.UnitTestAdapter, Microsoft.VisualStudio.QualityTools.Tips.UnitTest.Adapter, Version=10.0.0.0, Culture=neutral, PublicKeyToken=b03f5f7f11d50a3a" className="FaceRecognition.Test.ExtractFeaturesTest, FaceRecognition.Test, Version=1.0.0.0, Culture=neutral, PublicKeyToken=null" name="CreateVectorsAfterFFTTest" />
    </UnitTest>
    <UnitTest name="ImagesTest" storage="d:\diplomproject\facerecognition\facerecognition.test\bin\debug\facerecognition.test.dll" id="0fa8a271-0ce5-1871-706c-01c7f9c0ab84">
      <Execution id="efdc6d73-5d05-4cf5-ab11-0a729ad7afe7" />
      <TestMethod codeBase="D:/DiplomProject/FaceRecognition/FaceRecognition.Test/bin/Debug/FaceRecognition.Test.DLL" adapterTypeName="Microsoft.VisualStudio.TestTools.TestTypes.Unit.UnitTestAdapter, Microsoft.VisualStudio.QualityTools.Tips.UnitTest.Adapter, Version=10.0.0.0, Culture=neutral, PublicKeyToken=b03f5f7f11d50a3a" className="FaceRecognition.Test.ViewModelBaseTest, FaceRecognition.Test, Version=1.0.0.0, Culture=neutral, PublicKeyToken=null" name="ImagesTest" />
    </UnitTest>
    <UnitTest name="_recTimer_ElapsedTest" storage="d:\diplomproject\facerecognition\facerecognition.test\bin\debug\facerecognition.test.dll" id="e8c288ca-a2f9-a78f-a86a-e90660d7f4fb">
      <DeploymentItems>
        <DeploymentItem filename="FaceRecognition.exe" />
      </DeploymentItems>
      <Execution id="549b9939-5f88-4dc4-a97e-888a6b88313d" />
      <TestMethod codeBase="D:/DiplomProject/FaceRecognition/FaceRecognition.Test/bin/Debug/FaceRecognition.Test.DLL" adapterTypeName="Microsoft.VisualStudio.TestTools.TestTypes.Unit.UnitTestAdapter, Microsoft.VisualStudio.QualityTools.Tips.UnitTest.Adapter, Version=10.0.0.0, Culture=neutral, PublicKeyToken=b03f5f7f11d50a3a" className="FaceRecognition.Test.NeuralNetworksViewModelTest, FaceRecognition.Test, Version=1.0.0.0, Culture=neutral, PublicKeyToken=null" name="_recTimer_ElapsedTest" />
    </UnitTest>
    <UnitTest name="BackPropagationTwoLayersConstructorTest" storage="d:\diplomproject\facerecognition\facerecognition.test\bin\debug\facerecognition.test.dll" id="f5aeb9f1-851e-37ae-2e0e-fccbcbd6445d">
      <Execution id="bbaa0503-1431-4e8c-b69d-c01e782670c3" />
      <TestMethod codeBase="D:/DiplomProject/FaceRecognition/FaceRecognition.Test/bin/Debug/FaceRecognition.Test.DLL" adapterTypeName="Microsoft.VisualStudio.TestTools.TestTypes.Unit.UnitTestAdapter, Microsoft.VisualStudio.QualityTools.Tips.UnitTest.Adapter, Version=10.0.0.0, Culture=neutral, PublicKeyToken=b03f5f7f11d50a3a" className="FaceRecognition.Test.BackPropagationTwoLayersTest, FaceRecognition.Test, Version=1.0.0.0, Culture=neutral, PublicKeyToken=null" name="BackPropagationTwoLayersConstructorTest" />
    </UnitTest>
    <UnitTest name="SetTestImagesTest" storage="d:\diplomproject\facerecognition\facerecognition.test\bin\debug\facerecognition.test.dll" id="a4ad7ff8-56ff-4eb0-294e-7aded942a979">
      <Execution id="b95b4bd1-2ead-431a-80f2-720fcca94485" />
      <TestMethod codeBase="D:/DiplomProject/FaceRecognition/FaceRecognition.Test/bin/Debug/FaceRecognition.Test.DLL" adapterTypeName="Microsoft.VisualStudio.TestTools.TestTypes.Unit.UnitTestAdapter, Microsoft.VisualStudio.QualityTools.Tips.UnitTest.Adapter, Version=10.0.0.0, Culture=neutral, PublicKeyToken=b03f5f7f11d50a3a" className="FaceRecognition.Test.SelectionTrainTestImagesViewModelTest, FaceRecognition.Test, Version=1.0.0.0, Culture=neutral, PublicKeyToken=null" name="SetTestImagesTest" />
    </UnitTest>
    <UnitTest name="TrainTest" storage="d:\diplomproject\facerecognition\facerecognition.test\bin\debug\facerecognition.test.dll" id="e022bf89-195f-88bc-f963-d94f95599188">
      <Execution id="31de4bfc-ba47-4fcf-a314-cba784ad28b0" />
      <TestMethod codeBase="D:/DiplomProject/FaceRecognition/FaceRecognition.Test/bin/Debug/FaceRecognition.Test.DLL" adapterTypeName="Microsoft.VisualStudio.TestTools.TestTypes.Unit.UnitTestAdapter, Microsoft.VisualStudio.QualityTools.Tips.UnitTest.Adapter, Version=10.0.0.0, Culture=neutral, PublicKeyToken=b03f5f7f11d50a3a" className="FaceRecognition.Test.EigenFaceViewModelTest, FaceRecognition.Test, Version=1.0.0.0, Culture=neutral, PublicKeyToken=null" name="TrainTest" />
    </UnitTest>
    <UnitTest name="ReverseProcessVectorFromOutNetTest" storage="d:\diplomproject\facerecognition\facerecognition.test\bin\debug\facerecognition.test.dll" id="b4cc9f46-247c-8ac0-23a3-b77cb346b3ee">
      <DeploymentItems>
        <DeploymentItem filename="FaceRecognition.exe" />
      </DeploymentItems>
      <Execution id="e7fb7a34-0d61-42c1-a116-95ca68f3dad1" />
      <TestMethod codeBase="D:/DiplomProject/FaceRecognition/FaceRecognition.Test/bin/Debug/FaceRecognition.Test.DLL" adapterTypeName="Microsoft.VisualStudio.TestTools.TestTypes.Unit.UnitTestAdapter, Microsoft.VisualStudio.QualityTools.Tips.UnitTest.Adapter, Version=10.0.0.0, Culture=neutral, PublicKeyToken=b03f5f7f11d50a3a" className="FaceRecognition.Test.ExtractFeaturesTest, FaceRecognition.Test, Version=1.0.0.0, Culture=neutral, PublicKeyToken=null" name="ReverseProcessVectorFromOutNetTest" />
    </UnitTest>
    <UnitTest name="OnDataSavedTest" storage="d:\diplomproject\facerecognition\facerecognition.test\bin\debug\facerecognition.test.dll" id="3a4ad283-8445-bdaf-13ff-4ff25c9b6987">
      <DeploymentItems>
        <DeploymentItem filename="FaceRecognition.exe" />
      </DeploymentItems>
      <Execution id="8b021bcc-0220-46c1-8319-56a22e545141" />
      <TestMethod codeBase="D:/DiplomProject/FaceRecognition/FaceRecognition.Test/bin/Debug/FaceRecognition.Test.DLL" adapterTypeName="Microsoft.VisualStudio.TestTools.TestTypes.Unit.UnitTestAdapter, Microsoft.VisualStudio.QualityTools.Tips.UnitTest.Adapter, Version=10.0.0.0, Culture=neutral, PublicKeyToken=b03f5f7f11d50a3a" className="FaceRecognition.Test.PreprocessingPanelControlTest, FaceRecognition.Test, Version=1.0.0.0, Culture=neutral, PublicKeyToken=null" name="OnDataSavedTest" />
    </UnitTest>
    <UnitTest name="GetErrorTest" storage="d:\diplomproject\facerecognition\facerecognition.test\bin\debug\facerecognition.test.dll" id="9c022819-a9c6-6413-f419-f17a9d21ca3f">
      <Execution id="22a42ba8-ae0a-4951-80d2-3919ecea11b8" />
      <TestMethod codeBase="D:/DiplomProject/FaceRecognition/FaceRecognition.Test/bin/Debug/FaceRecognition.Test.DLL" adapterTypeName="Microsoft.VisualStudio.TestTools.TestTypes.Unit.UnitTestAdapter, Microsoft.VisualStudio.QualityTools.Tips.UnitTest.Adapter, Version=10.0.0.0, Culture=neutral, PublicKeyToken=b03f5f7f11d50a3a" className="FaceRecognition.Test.IBackPropagationTest, FaceRecognition.Test, Version=1.0.0.0, Culture=neutral, PublicKeyToken=null" name="GetErrorTest" />
    </UnitTest>
    <UnitTest name="GetErrorTest" storage="d:\diplomproject\facerecognition\facerecognition.test\bin\debug\facerecognition.test.dll" id="dd44254a-1364-a3c8-e298-d2184cc5659a">
      <Execution id="d0d865d7-1101-4d5b-93bf-74ac5088e7dc" />
      <TestMethod codeBase="D:/DiplomProject/FaceRecognition/FaceRecognition.Test/bin/Debug/FaceRecognition.Test.DLL" adapterTypeName="Microsoft.VisualStudio.TestTools.TestTypes.Unit.UnitTestAdapter, Microsoft.VisualStudio.QualityTools.Tips.UnitTest.Adapter, Version=10.0.0.0, Culture=neutral, PublicKeyToken=b03f5f7f11d50a3a" className="FaceRecognition.Test.BackPropagationOneLayerTest, FaceRecognition.Test, Version=1.0.0.0, Culture=neutral, PublicKeyToken=null" name="GetErrorTest" />
    </UnitTest>
    <UnitTest name="TrainStatusTest" storage="d:\diplomproject\facerecognition\facerecognition.test\bin\debug\facerecognition.test.dll" id="e97ffc14-3141-9a07-3cee-4b6ca23dc240">
      <Execution id="bced0452-c336-4750-a8a0-96a7c9a50394" />
      <TestMethod codeBase="D:/DiplomProject/FaceRecognition/FaceRecognition.Test/bin/Debug/FaceRecognition.Test.DLL" adapterTypeName="Microsoft.VisualStudio.TestTools.TestTypes.Unit.UnitTestAdapter, Microsoft.VisualStudio.QualityTools.Tips.UnitTest.Adapter, Version=10.0.0.0, Culture=neutral, PublicKeyToken=b03f5f7f11d50a3a" className="FaceRecognition.Test.SelectionRecognitionMethodViewModelTest, FaceRecognition.Test, Version=1.0.0.0, Culture=neutral, PublicKeyToken=null" name="TrainStatusTest" />
    </UnitTest>
    <UnitTest name="OutputUnitsTest" storage="d:\diplomproject\facerecognition\facerecognition.test\bin\debug\facerecognition.test.dll" id="5e58d1e8-7357-b861-90ce-ff86c1866f40">
      <Execution id="81f460d6-deb8-4a9f-a467-2f66615f538f" />
      <TestMethod codeBase="D:/DiplomProject/FaceRecognition/FaceRecognition.Test/bin/Debug/FaceRecognition.Test.DLL" adapterTypeName="Microsoft.VisualStudio.TestTools.TestTypes.Unit.UnitTestAdapter, Microsoft.VisualStudio.QualityTools.Tips.UnitTest.Adapter, Version=10.0.0.0, Culture=neutral, PublicKeyToken=b03f5f7f11d50a3a" className="FaceRecognition.Test.NeuralNetworksViewModelTest, FaceRecognition.Test, Version=1.0.0.0, Culture=neutral, PublicKeyToken=null" name="OutputUnitsTest" />
    </UnitTest>
    <UnitTest name="GetInvFFTTest" storage="d:\diplomproject\facerecognition\facerecognition.test\bin\debug\facerecognition.test.dll" id="7899c727-bd95-ad4c-f15c-c97bd3baeca2">
      <DeploymentItems>
        <DeploymentItem filename="FaceRecognition.exe" />
      </DeploymentItems>
      <Execution id="22828776-9366-486a-a7a1-bb0dd6eac3bc" />
      <TestMethod codeBase="D:/DiplomProject/FaceRecognition/FaceRecognition.Test/bin/Debug/FaceRecognition.Test.DLL" adapterTypeName="Microsoft.VisualStudio.TestTools.TestTypes.Unit.UnitTestAdapter, Microsoft.VisualStudio.QualityTools.Tips.UnitTest.Adapter, Version=10.0.0.0, Culture=neutral, PublicKeyToken=b03f5f7f11d50a3a" className="FaceRecognition.Test.ExtractFeaturesTest, FaceRecognition.Test, Version=1.0.0.0, Culture=neutral, PublicKeyToken=null" name="GetInvFFTTest" />
    </UnitTest>
    <UnitTest name="HandleExceptionTest" storage="d:\diplomproject\facerecognition\facerecognition.test\bin\debug\facerecognition.test.dll" id="4b60b179-a3c0-3210-3fff-77a5f071a57c">
      <DeploymentItems>
        <DeploymentItem filename="FaceRecognition.exe" />
      </DeploymentItems>
      <Execution id="41cfde93-3688-4a98-9c14-5ae0aec257bb" />
      <TestMethod codeBase="D:/DiplomProject/FaceRecognition/FaceRecognition.Test/bin/Debug/FaceRecognition.Test.DLL" adapterTypeName="Microsoft.VisualStudio.TestTools.TestTypes.Unit.UnitTestAdapter, Microsoft.VisualStudio.QualityTools.Tips.UnitTest.Adapter, Version=10.0.0.0, Culture=neutral, PublicKeyToken=b03f5f7f11d50a3a" className="FaceRecognition.Test.AppTest, FaceRecognition.Test, Version=1.0.0.0, Culture=neutral, PublicKeyToken=null" name="HandleExceptionTest" />
    </UnitTest>
    <UnitTest name="MainWindowConstructorTest" storage="d:\diplomproject\facerecognition\facerecognition.test\bin\debug\facerecognition.test.dll" id="fc7557f7-f459-ee53-b73c-69b6c3b94147">
      <Execution id="a3e932e3-260e-4df2-a3e9-198cb78e182b" />
      <TestMethod codeBase="D:/DiplomProject/FaceRecognition/FaceRecognition.Test/bin/Debug/FaceRecognition.Test.DLL" adapterTypeName="Microsoft.VisualStudio.TestTools.TestTypes.Unit.UnitTestAdapter, Microsoft.VisualStudio.QualityTools.Tips.UnitTest.Adapter, Version=10.0.0.0, Culture=neutral, PublicKeyToken=b03f5f7f11d50a3a" className="FaceRecognition.Test.MainWindowTest, FaceRecognition.Test, Version=1.0.0.0, Culture=neutral, PublicKeyToken=null" name="MainWindowConstructorTest" />
    </UnitTest>
    <UnitTest name="ConnectTest" storage="d:\diplomproject\facerecognition\facerecognition.test\bin\debug\facerecognition.test.dll" id="800ca0ac-7cd9-ebd3-3fbe-4f07a61b2717">
      <DeploymentItems>
        <DeploymentItem filename="FaceRecognition.exe" />
      </DeploymentItems>
      <Execution id="3c455efe-ea32-45e8-bfe0-0566bbd46d4e" />
      <TestMethod codeBase="D:/DiplomProject/FaceRecognition/FaceRecognition.Test/bin/Debug/FaceRecognition.Test.DLL" adapterTypeName="Microsoft.VisualStudio.TestTools.TestTypes.Unit.UnitTestAdapter, Microsoft.VisualStudio.QualityTools.Tips.UnitTest.Adapter, Version=10.0.0.0, Culture=neutral, PublicKeyToken=b03f5f7f11d50a3a" className="FaceRecognition.Test.d__diplomprojects_diplomproject_facerecognition_styles_itemcontstyle_xamlTest, FaceRecognition.Test, Version=1.0.0.0, Culture=neutral, PublicKeyToken=null" name="ConnectTest" />
    </UnitTest>
    <UnitTest name="NeuralNetworksControlConstructorTest1" storage="d:\diplomproject\facerecognition\facerecognition.test\bin\debug\facerecognition.test.dll" id="e5d80706-19e9-5acb-5bd3-96bf565de76a">
      <Execution id="32ce7d40-b077-43a5-a381-b19452d6d751" />
      <TestMethod codeBase="D:/DiplomProject/FaceRecognition/FaceRecognition.Test/bin/Debug/FaceRecognition.Test.DLL" adapterTypeName="Microsoft.VisualStudio.TestTools.TestTypes.Unit.UnitTestAdapter, Microsoft.VisualStudio.QualityTools.Tips.UnitTest.Adapter, Version=10.0.0.0, Culture=neutral, PublicKeyToken=b03f5f7f11d50a3a" className="FaceRecognition.Test.NeuralNetworksControlTest, FaceRecognition.Test, Version=1.0.0.0, Culture=neutral, PublicKeyToken=null" name="NeuralNetworksControlConstructorTest1" />
    </UnitTest>
    <UnitTest name="d__diplomprojects_diplomproject_facerecognition_styles_gridsplitterstyle_xamlConstructorTest" storage="d:\diplomproject\facerecognition\facerecognition.test\bin\debug\facerecognition.test.dll" id="99be4da3-07b7-6f50-42db-93732663f811">
      <Execution id="5d0dbb45-7d26-4ca9-8478-72bc2ac3e8e6" />
      <TestMethod codeBase="D:/DiplomProject/FaceRecognition/FaceRecognition.Test/bin/Debug/FaceRecognition.Test.DLL" adapterTypeName="Microsoft.VisualStudio.TestTools.TestTypes.Unit.UnitTestAdapter, Microsoft.VisualStudio.QualityTools.Tips.UnitTest.Adapter, Version=10.0.0.0, Culture=neutral, PublicKeyToken=b03f5f7f11d50a3a" className="FaceRecognition.Test.d__diplomprojects_diplomproject_facerecognition_styles_gridsplitterstyle_xamlTest, FaceRecognition.Test, Version=1.0.0.0, Culture=neutral, PublicKeyToken=null" name="d__diplomprojects_diplomproject_facerecognition_styles_gridsplitterstyle_xamlConstructorTest" />
    </UnitTest>
    <UnitTest name="MoveNextTest" storage="d:\diplomproject\facerecognition\facerecognition.test\bin\debug\facerecognition.test.dll" id="d4430895-41f4-e212-84ed-cf0f12edc645">
      <Execution id="c0f54e04-92cb-44c3-aa12-0d454d1d2944" />
      <TestMethod codeBase="D:/DiplomProject/FaceRecognition/FaceRecognition.Test/bin/Debug/FaceRecognition.Test.DLL" adapterTypeName="Microsoft.VisualStudio.TestTools.TestTypes.Unit.UnitTestAdapter, Microsoft.VisualStudio.QualityTools.Tips.UnitTest.Adapter, Version=10.0.0.0, Culture=neutral, PublicKeyToken=b03f5f7f11d50a3a" className="FaceRecognition.Test.RecognitionMethodsEnumTest, FaceRecognition.Test, Version=1.0.0.0, Culture=neutral, PublicKeyToken=null" name="MoveNextTest" />
    </UnitTest>
    <UnitTest name="RecognizeClassControlConstructorTest" storage="d:\diplomproject\facerecognition\facerecognition.test\bin\debug\facerecognition.test.dll" id="31dc6186-4dfe-c6f7-9ae7-74e21ec6011f">
      <Execution id="ce4fca9c-14d9-41da-b5c9-7e788ea9efb5" />
      <TestMethod codeBase="D:/DiplomProject/FaceRecognition/FaceRecognition.Test/bin/Debug/FaceRecognition.Test.DLL" adapterTypeName="Microsoft.VisualStudio.TestTools.TestTypes.Unit.UnitTestAdapter, Microsoft.VisualStudio.QualityTools.Tips.UnitTest.Adapter, Version=10.0.0.0, Culture=neutral, PublicKeyToken=b03f5f7f11d50a3a" className="FaceRecognition.Test.RecognizeClassControlTest, FaceRecognition.Test, Version=1.0.0.0, Culture=neutral, PublicKeyToken=null" name="RecognizeClassControlConstructorTest" />
    </UnitTest>
    <UnitTest name="RecognizeTest" storage="d:\diplomproject\facerecognition\facerecognition.test\bin\debug\facerecognition.test.dll" id="14a15fd5-9db2-70bd-ef8a-2036894a25bd">
      <Execution id="c6d124b4-a24a-4425-ad8b-d351e52cab3e" />
      <TestMethod codeBase="D:/DiplomProject/FaceRecognition/FaceRecognition.Test/bin/Debug/FaceRecognition.Test.DLL" adapterTypeName="Microsoft.VisualStudio.TestTools.TestTypes.Unit.UnitTestAdapter, Microsoft.VisualStudio.QualityTools.Tips.UnitTest.Adapter, Version=10.0.0.0, Culture=neutral, PublicKeyToken=b03f5f7f11d50a3a" className="FaceRecognition.Test.EigenFaceViewModelTest, FaceRecognition.Test, Version=1.0.0.0, Culture=neutral, PublicKeyToken=null" name="RecognizeTest" />
    </UnitTest>
    <UnitTest name="InitializeComponentTest" storage="d:\diplomproject\facerecognition\facerecognition.test\bin\debug\facerecognition.test.dll" id="da471e36-2e1b-1cc1-17a9-d58049715d04">
      <Execution id="82119c3e-64e8-4ee4-8f2e-5f89a94c3dff" />
      <TestMethod codeBase="D:/DiplomProject/FaceRecognition/FaceRecognition.Test/bin/Debug/FaceRecognition.Test.DLL" adapterTypeName="Microsoft.VisualStudio.TestTools.TestTypes.Unit.UnitTestAdapter, Microsoft.VisualStudio.QualityTools.Tips.UnitTest.Adapter, Version=10.0.0.0, Culture=neutral, PublicKeyToken=b03f5f7f11d50a3a" className="FaceRecognition.Test.MainWindowTest, FaceRecognition.Test, Version=1.0.0.0, Culture=neutral, PublicKeyToken=null" name="InitializeComponentTest" />
    </UnitTest>
    <UnitTest name="GoPreprocBtn_ClickTest" storage="d:\diplomproject\facerecognition\facerecognition.test\bin\debug\facerecognition.test.dll" id="76c87c20-b2a0-6234-9f17-dccca09c635a">
      <DeploymentItems>
        <DeploymentItem filename="FaceRecognition.exe" />
      </DeploymentItems>
      <Execution id="24db7663-2720-4cd0-bc43-85cdf8dbfb28" />
      <TestMethod codeBase="D:/DiplomProject/FaceRecognition/FaceRecognition.Test/bin/Debug/FaceRecognition.Test.DLL" adapterTypeName="Microsoft.VisualStudio.TestTools.TestTypes.Unit.UnitTestAdapter, Microsoft.VisualStudio.QualityTools.Tips.UnitTest.Adapter, Version=10.0.0.0, Culture=neutral, PublicKeyToken=b03f5f7f11d50a3a" className="FaceRecognition.Test.MainWindowTest, FaceRecognition.Test, Version=1.0.0.0, Culture=neutral, PublicKeyToken=null" name="GoPreprocBtn_ClickTest" />
    </UnitTest>
    <UnitTest name="ConnectTest" storage="d:\diplomproject\facerecognition\facerecognition.test\bin\debug\facerecognition.test.dll" id="26774664-c044-2f3e-fb2a-6afc1e8884a7">
      <DeploymentItems>
        <DeploymentItem filename="FaceRecognition.exe" />
      </DeploymentItems>
      <Execution id="e7ad5400-9c03-4944-bd07-efd255857cd0" />
      <TestMethod codeBase="D:/DiplomProject/FaceRecognition/FaceRecognition.Test/bin/Debug/FaceRecognition.Test.DLL" adapterTypeName="Microsoft.VisualStudio.TestTools.TestTypes.Unit.UnitTestAdapter, Microsoft.VisualStudio.QualityTools.Tips.UnitTest.Adapter, Version=10.0.0.0, Culture=neutral, PublicKeyToken=b03f5f7f11d50a3a" className="FaceRecognition.Test.PreprocessingPanelControlTest, FaceRecognition.Test, Version=1.0.0.0, Culture=neutral, PublicKeyToken=null" name="ConnectTest" />
    </UnitTest>
    <UnitTest name="TestImageListView_SelectionChangedTest" storage="d:\diplomproject\facerecognition\facerecognition.test\bin\debug\facerecognition.test.dll" id="6ca4cf67-b687-208e-7d16-0458b5376126">
      <DeploymentItems>
        <DeploymentItem filename="FaceRecognition.exe" />
      </DeploymentItems>
      <Execution id="70164022-f214-485d-8509-258efcdfcb98" />
      <TestMethod codeBase="D:/DiplomProject/FaceRecognition/FaceRecognition.Test/bin/Debug/FaceRecognition.Test.DLL" adapterTypeName="Microsoft.VisualStudio.TestTools.TestTypes.Unit.UnitTestAdapter, Microsoft.VisualStudio.QualityTools.Tips.UnitTest.Adapter, Version=10.0.0.0, Culture=neutral, PublicKeyToken=b03f5f7f11d50a3a" className="FaceRecognition.Test.SelectionTrainTestImagesControlTest, FaceRecognition.Test, Version=1.0.0.0, Culture=neutral, PublicKeyToken=null" name="TestImageListView_SelectionChangedTest" />
    </UnitTest>
    <UnitTest name="PercentRecFacesTest" storage="d:\diplomproject\facerecognition\facerecognition.test\bin\debug\facerecognition.test.dll" id="e499537d-fef3-5ca1-473a-e65ee85bb6d2">
      <DeploymentItems>
        <DeploymentItem filename="FaceRecognition.exe" />
      </DeploymentItems>
      <Execution id="f53e0136-9c1a-48cb-9ea1-8d5922808359" />
      <TestMethod codeBase="D:/DiplomProject/FaceRecognition/FaceRecognition.Test/bin/Debug/FaceRecognition.Test.DLL" adapterTypeName="Microsoft.VisualStudio.TestTools.TestTypes.Unit.UnitTestAdapter, Microsoft.VisualStudio.QualityTools.Tips.UnitTest.Adapter, Version=10.0.0.0, Culture=neutral, PublicKeyToken=b03f5f7f11d50a3a" className="FaceRecognition.Test.RecognizeEventArgsTest, FaceRecognition.Test, Version=1.0.0.0, Culture=neutral, PublicKeyToken=null" name="PercentRecFacesTest" />
    </UnitTest>
    <UnitTest name="SettingsConstructorTest" storage="d:\diplomproject\facerecognition\facerecognition.test\bin\debug\facerecognition.test.dll" id="e48e64f6-d1ee-3416-7322-5cbd707467c3">
      <Execution id="bf7cee65-adf6-46e7-88c5-d81416d70d81" />
      <TestMethod codeBase="D:/DiplomProject/FaceRecognition/FaceRecognition.Test/bin/Debug/FaceRecognition.Test.DLL" adapterTypeName="Microsoft.VisualStudio.TestTools.TestTypes.Unit.UnitTestAdapter, Microsoft.VisualStudio.QualityTools.Tips.UnitTest.Adapter, Version=10.0.0.0, Culture=neutral, PublicKeyToken=b03f5f7f11d50a3a" className="FaceRecognition.Test.SettingsTest, FaceRecognition.Test, Version=1.0.0.0, Culture=neutral, PublicKeyToken=null" name="SettingsConstructorTest" />
    </UnitTest>
    <UnitTest name="DataBasesListViewSelectionChangedTest" storage="d:\diplomproject\facerecognition\facerecognition.test\bin\debug\facerecognition.test.dll" id="779e9403-cc15-9105-c3eb-4da2e3c196a4">
      <DeploymentItems>
        <DeploymentItem filename="FaceRecognition.exe" />
      </DeploymentItems>
      <Execution id="ea4ba619-60a0-4569-8b24-e1988bf04278" />
      <TestMethod codeBase="D:/DiplomProject/FaceRecognition/FaceRecognition.Test/bin/Debug/FaceRecognition.Test.DLL" adapterTypeName="Microsoft.VisualStudio.TestTools.TestTypes.Unit.UnitTestAdapter, Microsoft.VisualStudio.QualityTools.Tips.UnitTest.Adapter, Version=10.0.0.0, Culture=neutral, PublicKeyToken=b03f5f7f11d50a3a" className="FaceRecognition.Test.SelectionDataBaseControlTest, FaceRecognition.Test, Version=1.0.0.0, Culture=neutral, PublicKeyToken=null" name="DataBasesListViewSelectionChangedTest" />
    </UnitTest>
    <UnitTest name="Current_DispatcherUnhandledExceptionTest" storage="d:\diplomproject\facerecognition\facerecognition.test\bin\debug\facerecognition.test.dll" id="41f97cd5-9aa1-3636-170e-a2e4f46210fc">
      <DeploymentItems>
        <DeploymentItem filename="FaceRecognition.exe" />
      </DeploymentItems>
      <Execution id="5f78a814-6581-43e7-be92-ec9a33deaa38" />
      <TestMethod codeBase="D:/DiplomProject/FaceRecognition/FaceRecognition.Test/bin/Debug/FaceRecognition.Test.DLL" adapterTypeName="Microsoft.VisualStudio.TestTools.TestTypes.Unit.UnitTestAdapter, Microsoft.VisualStudio.QualityTools.Tips.UnitTest.Adapter, Version=10.0.0.0, Culture=neutral, PublicKeyToken=b03f5f7f11d50a3a" className="FaceRecognition.Test.AppTest, FaceRecognition.Test, Version=1.0.0.0, Culture=neutral, PublicKeyToken=null" name="Current_DispatcherUnhandledExceptionTest" />
    </UnitTest>
    <UnitTest name="TrainTest" storage="d:\diplomproject\facerecognition\facerecognition.test\bin\debug\facerecognition.test.dll" id="1021e00f-d653-162a-8b11-cdf3fc4551c2">
      <Execution id="7de2d65c-124a-48e5-a078-7f96cd8a7a68" />
      <TestMethod codeBase="D:/DiplomProject/FaceRecognition/FaceRecognition.Test/bin/Debug/FaceRecognition.Test.DLL" adapterTypeName="Microsoft.VisualStudio.TestTools.TestTypes.Unit.UnitTestAdapter, Microsoft.VisualStudio.QualityTools.Tips.UnitTest.Adapter, Version=10.0.0.0, Culture=neutral, PublicKeyToken=b03f5f7f11d50a3a" className="FaceRecognition.Test.NeuralNetworksViewModelTest, FaceRecognition.Test, Version=1.0.0.0, Culture=neutral, PublicKeyToken=null" name="TrainTest" />
    </UnitTest>
    <UnitTest name="ResultsFaceRecognitionViewModelConstructorTest" storage="d:\diplomproject\facerecognition\facerecognition.test\bin\debug\facerecognition.test.dll" id="e93fbf7c-7f52-03ac-a028-fa544add16f0">
      <Execution id="9f3c5372-b964-4111-be85-94bae170fae4" />
      <TestMethod codeBase="D:/DiplomProject/FaceRecognition/FaceRecognition.Test/bin/Debug/FaceRecognition.Test.DLL" adapterTypeName="Microsoft.VisualStudio.TestTools.TestTypes.Unit.UnitTestAdapter, Microsoft.VisualStudio.QualityTools.Tips.UnitTest.Adapter, Version=10.0.0.0, Culture=neutral, PublicKeyToken=b03f5f7f11d50a3a" className="FaceRecognition.Test.ResultsFaceRecognitionViewModelTest, FaceRecognition.Test, Version=1.0.0.0, Culture=neutral, PublicKeyToken=null" name="ResultsFaceRecognitionViewModelConstructorTest" />
    </UnitTest>
    <UnitTest name="HiddenUnitsTest" storage="d:\diplomproject\facerecognition\facerecognition.test\bin\debug\facerecognition.test.dll" id="71573228-a18e-34a5-16e6-4dac70dea85e">
      <Execution id="455d1dac-6ad8-4e45-9cae-05db0644d30f" />
      <TestMethod codeBase="D:/DiplomProject/FaceRecognition/FaceRecognition.Test/bin/Debug/FaceRecognition.Test.DLL" adapterTypeName="Microsoft.VisualStudio.TestTools.TestTypes.Unit.UnitTestAdapter, Microsoft.VisualStudio.QualityTools.Tips.UnitTest.Adapter, Version=10.0.0.0, Culture=neutral, PublicKeyToken=b03f5f7f11d50a3a" className="FaceRecognition.Test.NeuralNetworksViewModelTest, FaceRecognition.Test, Version=1.0.0.0, Culture=neutral, PublicKeyToken=null" name="HiddenUnitsTest" />
    </UnitTest>
    <UnitTest name="BackPropagateTest" storage="d:\diplomproject\facerecognition\facerecognition.test\bin\debug\facerecognition.test.dll" id="45959b81-8870-8a9a-1dc5-8bd1bf5c1ea6">
      <Execution id="855a8620-fba6-4e29-98c6-e5e31b2fe37a" />
      <TestMethod codeBase="D:/DiplomProject/FaceRecognition/FaceRecognition.Test/bin/Debug/FaceRecognition.Test.DLL" adapterTypeName="Microsoft.VisualStudio.TestTools.TestTypes.Unit.UnitTestAdapter, Microsoft.VisualStudio.QualityTools.Tips.UnitTest.Adapter, Version=10.0.0.0, Culture=neutral, PublicKeyToken=b03f5f7f11d50a3a" className="FaceRecognition.Test.BackPropagationTwoLayersTest, FaceRecognition.Test, Version=1.0.0.0, Culture=neutral, PublicKeyToken=null" name="BackPropagateTest" />
    </UnitTest>
    <UnitTest name="OnSetNumberTrainTestFacesTest" storage="d:\diplomproject\facerecognition\facerecognition.test\bin\debug\facerecognition.test.dll" id="b7858c5b-5a56-df45-8bbf-0b114655e47c">
      <DeploymentItems>
        <DeploymentItem filename="FaceRecognition.exe" />
      </DeploymentItems>
      <Execution id="5e3c5ef0-083c-4416-8e64-abf7630cc3da" />
      <TestMethod codeBase="D:/DiplomProject/FaceRecognition/FaceRecognition.Test/bin/Debug/FaceRecognition.Test.DLL" adapterTypeName="Microsoft.VisualStudio.TestTools.TestTypes.Unit.UnitTestAdapter, Microsoft.VisualStudio.QualityTools.Tips.UnitTest.Adapter, Version=10.0.0.0, Culture=neutral, PublicKeyToken=b03f5f7f11d50a3a" className="FaceRecognition.Test.PreprocessingPanelViewModelTest, FaceRecognition.Test, Version=1.0.0.0, Culture=neutral, PublicKeyToken=null" name="OnSetNumberTrainTestFacesTest" />
    </UnitTest>
    <UnitTest name="TrainTimeValueTest" storage="d:\diplomproject\facerecognition\facerecognition.test\bin\debug\facerecognition.test.dll" id="459deba6-e660-af85-067f-ab5ed09080d5">
      <Execution id="33c40fd2-2126-47f6-8576-630c55c34cf3" />
      <TestMethod codeBase="D:/DiplomProject/FaceRecognition/FaceRecognition.Test/bin/Debug/FaceRecognition.Test.DLL" adapterTypeName="Microsoft.VisualStudio.TestTools.TestTypes.Unit.UnitTestAdapter, Microsoft.VisualStudio.QualityTools.Tips.UnitTest.Adapter, Version=10.0.0.0, Culture=neutral, PublicKeyToken=b03f5f7f11d50a3a" className="FaceRecognition.Test.RecognizeMethodsViewModelBaseTest, FaceRecognition.Test, Version=1.0.0.0, Culture=neutral, PublicKeyToken=null" name="TrainTimeValueTest" />
    </UnitTest>
    <UnitTest name="ForwardPropagateTest" storage="d:\diplomproject\facerecognition\facerecognition.test\bin\debug\facerecognition.test.dll" id="90f0d72a-a210-d387-6c42-4f934db1c549">
      <Execution id="48545490-0353-4475-aaa3-b6f8836b29bc" />
      <TestMethod codeBase="D:/DiplomProject/FaceRecognition/FaceRecognition.Test/bin/Debug/FaceRecognition.Test.DLL" adapterTypeName="Microsoft.VisualStudio.TestTools.TestTypes.Unit.UnitTestAdapter, Microsoft.VisualStudio.QualityTools.Tips.UnitTest.Adapter, Version=10.0.0.0, Culture=neutral, PublicKeyToken=b03f5f7f11d50a3a" className="FaceRecognition.Test.BackPropagationTwoLayersTest, FaceRecognition.Test, Version=1.0.0.0, Culture=neutral, PublicKeyToken=null" name="ForwardPropagateTest" />
    </UnitTest>
    <UnitTest name="NeuralNetworksControlConstructorTest" storage="d:\diplomproject\facerecognition\facerecognition.test\bin\debug\facerecognition.test.dll" id="a78f4eb1-57a8-9091-58d0-190e15a620fa">
      <Execution id="d9b90c8e-1715-4d70-9b5f-4a3d65b5ff55" />
      <TestMethod codeBase="D:/DiplomProject/FaceRecognition/FaceRecognition.Test/bin/Debug/FaceRecognition.Test.DLL" adapterTypeName="Microsoft.VisualStudio.TestTools.TestTypes.Unit.UnitTestAdapter, Microsoft.VisualStudio.QualityTools.Tips.UnitTest.Adapter, Version=10.0.0.0, Culture=neutral, PublicKeyToken=b03f5f7f11d50a3a" className="FaceRecognition.Test.NeuralNetworksControlTest, FaceRecognition.Test, Version=1.0.0.0, Culture=neutral, PublicKeyToken=null" name="NeuralNetworksControlConstructorTest" />
    </UnitTest>
    <UnitTest name="TrainButton_ClickTest" storage="d:\diplomproject\facerecognition\facerecognition.test\bin\debug\facerecognition.test.dll" id="c5ce1c14-4504-386f-0d7e-fcf9a1dc8305">
      <DeploymentItems>
        <DeploymentItem filename="FaceRecognition.exe" />
      </DeploymentItems>
      <Execution id="633841a2-da9c-4e9f-9f5f-426c82dfb6e9" />
      <TestMethod codeBase="D:/DiplomProject/FaceRecognition/FaceRecognition.Test/bin/Debug/FaceRecognition.Test.DLL" adapterTypeName="Microsoft.VisualStudio.TestTools.TestTypes.Unit.UnitTestAdapter, Microsoft.VisualStudio.QualityTools.Tips.UnitTest.Adapter, Version=10.0.0.0, Culture=neutral, PublicKeyToken=b03f5f7f11d50a3a" className="FaceRecognition.Test.NeuralNetworksControlTest, FaceRecognition.Test, Version=1.0.0.0, Culture=neutral, PublicKeyToken=null" name="TrainButton_ClickTest" />
    </UnitTest>
    <UnitTest name="SelectionRecognitionMethodViewModel_GetSelectedRecognizeMethodEventTest" storage="d:\diplomproject\facerecognition\facerecognition.test\bin\debug\facerecognition.test.dll" id="39a0325e-51a6-18e5-0a52-7b4d0ce82414">
      <DeploymentItems>
        <DeploymentItem filename="FaceRecognition.exe" />
      </DeploymentItems>
      <Execution id="f3ef3e45-d896-4f1f-b16b-5cfe53e89d17" />
      <TestMethod codeBase="D:/DiplomProject/FaceRecognition/FaceRecognition.Test/bin/Debug/FaceRecognition.Test.DLL" adapterTypeName="Microsoft.VisualStudio.TestTools.TestTypes.Unit.UnitTestAdapter, Microsoft.VisualStudio.QualityTools.Tips.UnitTest.Adapter, Version=10.0.0.0, Culture=neutral, PublicKeyToken=b03f5f7f11d50a3a" className="FaceRecognition.Test.RecognizeMethodsViewModelBaseTest, FaceRecognition.Test, Version=1.0.0.0, Culture=neutral, PublicKeyToken=null" name="SelectionRecognitionMethodViewModel_GetSelectedRecognizeMethodEventTest" />
    </UnitTest>
    <UnitTest name="FinalizeTest" storage="d:\diplomproject\facerecognition\facerecognition.test\bin\debug\facerecognition.test.dll" id="6e556f74-a31f-a59b-681c-0c70ac64cd6d">
      <DeploymentItems>
        <DeploymentItem filename="FaceRecognition.exe" />
      </DeploymentItems>
      <Execution id="255af8f9-8b75-4c22-bcc4-5331427ee258" />
      <TestMethod codeBase="D:/DiplomProject/FaceRecognition/FaceRecognition.Test/bin/Debug/FaceRecognition.Test.DLL" adapterTypeName="Microsoft.VisualStudio.TestTools.TestTypes.Unit.UnitTestAdapter, Microsoft.VisualStudio.QualityTools.Tips.UnitTest.Adapter, Version=10.0.0.0, Culture=neutral, PublicKeyToken=b03f5f7f11d50a3a" className="FaceRecognition.Test.ViewModelBaseTest, FaceRecognition.Test, Version=1.0.0.0, Culture=neutral, PublicKeyToken=null" name="FinalizeTest" />
    </UnitTest>
    <UnitTest name="InitializeComponentTest" storage="d:\diplomproject\facerecognition\facerecognition.test\bin\debug\facerecognition.test.dll" id="72607838-811d-b0e5-0d24-ce32cf4d3766">
      <Execution id="cf1b45a6-53a7-47df-9d65-b37ad24796a5" />
      <TestMethod codeBase="D:/DiplomProject/FaceRecognition/FaceRecognition.Test/bin/Debug/FaceRecognition.Test.DLL" adapterTypeName="Microsoft.VisualStudio.TestTools.TestTypes.Unit.UnitTestAdapter, Microsoft.VisualStudio.QualityTools.Tips.UnitTest.Adapter, Version=10.0.0.0, Culture=neutral, PublicKeyToken=b03f5f7f11d50a3a" className="FaceRecognition.Test.SelectionDataBaseControlTest, FaceRecognition.Test, Version=1.0.0.0, Culture=neutral, PublicKeyToken=null" name="InitializeComponentTest" />
    </UnitTest>
    <UnitTest name="InitializeComponentTest" storage="d:\diplomproject\facerecognition\facerecognition.test\bin\debug\facerecognition.test.dll" id="1adaa149-b410-90fc-fe0f-4de5113b980e">
      <Execution id="85fda8ff-4f24-43b3-92cc-683b1a10458b" />
      <TestMethod codeBase="D:/DiplomProject/FaceRecognition/FaceRecognition.Test/bin/Debug/FaceRecognition.Test.DLL" adapterTypeName="Microsoft.VisualStudio.TestTools.TestTypes.Unit.UnitTestAdapter, Microsoft.VisualStudio.QualityTools.Tips.UnitTest.Adapter, Version=10.0.0.0, Culture=neutral, PublicKeyToken=b03f5f7f11d50a3a" className="FaceRecognition.Test.ResultsFaceRecognitionControlTest, FaceRecognition.Test, Version=1.0.0.0, Culture=neutral, PublicKeyToken=null" name="InitializeComponentTest" />
    </UnitTest>
    <UnitTest name="LearningRateTest" storage="d:\diplomproject\facerecognition\facerecognition.test\bin\debug\facerecognition.test.dll" id="e5feb357-aa9b-b37d-53e8-8d2d6099a782">
      <Execution id="37db5c96-122e-4f08-b70f-7848fdcdd854" />
      <TestMethod codeBase="D:/DiplomProject/FaceRecognition/FaceRecognition.Test/bin/Debug/FaceRecognition.Test.DLL" adapterTypeName="Microsoft.VisualStudio.TestTools.TestTypes.Unit.UnitTestAdapter, Microsoft.VisualStudio.QualityTools.Tips.UnitTest.Adapter, Version=10.0.0.0, Culture=neutral, PublicKeyToken=b03f5f7f11d50a3a" className="FaceRecognition.Test.BackPropagationThreeLayersTest, FaceRecognition.Test, Version=1.0.0.0, Culture=neutral, PublicKeyToken=null" name="LearningRateTest" />
    </UnitTest>
    <UnitTest name="InitializeNetworkTest" storage="d:\diplomproject\facerecognition\facerecognition.test\bin\debug\facerecognition.test.dll" id="61d6b9fb-c99e-446e-c5fe-7c57740f2833">
      <Execution id="d889e32e-88ee-4c23-8830-792e2923b1a9" />
      <TestMethod codeBase="D:/DiplomProject/FaceRecognition/FaceRecognition.Test/bin/Debug/FaceRecognition.Test.DLL" adapterTypeName="Microsoft.VisualStudio.TestTools.TestTypes.Unit.UnitTestAdapter, Microsoft.VisualStudio.QualityTools.Tips.UnitTest.Adapter, Version=10.0.0.0, Culture=neutral, PublicKeyToken=b03f5f7f11d50a3a" className="FaceRecognition.Test.IBackPropagationTest, FaceRecognition.Test, Version=1.0.0.0, Culture=neutral, PublicKeyToken=null" name="InitializeNetworkTest" />
    </UnitTest>
    <UnitTest name="RecognizePanelControlConstructorTest" storage="d:\diplomproject\facerecognition\facerecognition.test\bin\debug\facerecognition.test.dll" id="76bc4f7f-65b0-1c4b-44f1-e5401f13ac18">
      <Execution id="e89e4906-3aee-4edd-b2dc-ddb94db4bb4f" />
      <TestMethod codeBase="D:/DiplomProject/FaceRecognition/FaceRecognition.Test/bin/Debug/FaceRecognition.Test.DLL" adapterTypeName="Microsoft.VisualStudio.TestTools.TestTypes.Unit.UnitTestAdapter, Microsoft.VisualStudio.QualityTools.Tips.UnitTest.Adapter, Version=10.0.0.0, Culture=neutral, PublicKeyToken=b03f5f7f11d50a3a" className="FaceRecognition.Test.RecognizePanelControlTest, FaceRecognition.Test, Version=1.0.0.0, Culture=neutral, PublicKeyToken=null" name="RecognizePanelControlConstructorTest" />
    </UnitTest>
    <UnitTest name="lstResultRecognitionMethods_SelectionChangedTest" storage="d:\diplomproject\facerecognition\facerecognition.test\bin\debug\facerecognition.test.dll" id="ec49b5b9-c5ef-3410-cf17-cb4916fd21fe">
      <DeploymentItems>
        <DeploymentItem filename="FaceRecognition.exe" />
      </DeploymentItems>
      <Execution id="358972f9-6751-496a-855c-afb0254636a0" />
      <TestMethod codeBase="D:/DiplomProject/FaceRecognition/FaceRecognition.Test/bin/Debug/FaceRecognition.Test.DLL" adapterTypeName="Microsoft.VisualStudio.TestTools.TestTypes.Unit.UnitTestAdapter, Microsoft.VisualStudio.QualityTools.Tips.UnitTest.Adapter, Version=10.0.0.0, Culture=neutral, PublicKeyToken=b03f5f7f11d50a3a" className="FaceRecognition.Test.ResultsFaceRecognitionControlTest, FaceRecognition.Test, Version=1.0.0.0, Culture=neutral, PublicKeyToken=null" name="lstResultRecognitionMethods_SelectionChangedTest" />
    </UnitTest>
    <UnitTest name="SaveNetworkTest" storage="d:\diplomproject\facerecognition\facerecognition.test\bin\debug\facerecognition.test.dll" id="e4adef9f-c727-d96f-8382-d8b04ec008d1">
      <Execution id="7e52f132-29b7-4d2c-9d74-8d7fdb43429c" />
      <TestMethod codeBase="D:/DiplomProject/FaceRecognition/FaceRecognition.Test/bin/Debug/FaceRecognition.Test.DLL" adapterTypeName="Microsoft.VisualStudio.TestTools.TestTypes.Unit.UnitTestAdapter, Microsoft.VisualStudio.QualityTools.Tips.UnitTest.Adapter, Version=10.0.0.0, Culture=neutral, PublicKeyToken=b03f5f7f11d50a3a" className="FaceRecognition.Test.NeuralNetworkTest, FaceRecognition.Test, Version=1.0.0.0, Culture=neutral, PublicKeyToken=null" name="SaveNetworkTest" />
    </UnitTest>
    <UnitTest name="SaveMethodTest" storage="d:\diplomproject\facerecognition\facerecognition.test\bin\debug\facerecognition.test.dll" id="cf9e3c89-6559-adba-b001-a1cabca90de9">
      <DeploymentItems>
        <DeploymentItem filename="FaceRecognition.exe" />
      </DeploymentItems>
      <Execution id="c57dd8cc-0a4c-41ab-989a-04581fc9a6fe" />
      <TestMethod codeBase="D:/DiplomProject/FaceRecognition/FaceRecognition.Test/bin/Debug/FaceRecognition.Test.DLL" adapterTypeName="Microsoft.VisualStudio.TestTools.TestTypes.Unit.UnitTestAdapter, Microsoft.VisualStudio.QualityTools.Tips.UnitTest.Adapter, Version=10.0.0.0, Culture=neutral, PublicKeyToken=b03f5f7f11d50a3a" className="FaceRecognition.Test.SelectionRecognitionMethodViewModelTest, FaceRecognition.Test, Version=1.0.0.0, Culture=neutral, PublicKeyToken=null" name="SaveMethodTest" />
    </UnitTest>
    <UnitTest name="MaximumErrorTest" storage="d:\diplomproject\facerecognition\facerecognition.test\bin\debug\facerecognition.test.dll" id="b9a1250e-11b6-188d-6781-c2395b012be1">
      <Execution id="491a3fc2-11af-4e61-a6b2-3e4e05c61bf8" />
      <TestMethod codeBase="D:/DiplomProject/FaceRecognition/FaceRecognition.Test/bin/Debug/FaceRecognition.Test.DLL" adapterTypeName="Microsoft.VisualStudio.TestTools.TestTypes.Unit.UnitTestAdapter, Microsoft.VisualStudio.QualityTools.Tips.UnitTest.Adapter, Version=10.0.0.0, Culture=neutral, PublicKeyToken=b03f5f7f11d50a3a" className="FaceRecognition.Test.NeuralNetworkTest, FaceRecognition.Test, Version=1.0.0.0, Culture=neutral, PublicKeyToken=null" name="MaximumErrorTest" />
    </UnitTest>
    <UnitTest name="IsRecognizedTest" storage="d:\diplomproject\facerecognition\facerecognition.test\bin\debug\facerecognition.test.dll" id="f029c661-3f5c-e7c9-5806-2bae9f6ba670">
      <Execution id="ebafba01-87b3-4010-bb86-ccba1cbee7b8" />
      <TestMethod codeBase="D:/DiplomProject/FaceRecognition/FaceRecognition.Test/bin/Debug/FaceRecognition.Test.DLL" adapterTypeName="Microsoft.VisualStudio.TestTools.TestTypes.Unit.UnitTestAdapter, Microsoft.VisualStudio.QualityTools.Tips.UnitTest.Adapter, Version=10.0.0.0, Culture=neutral, PublicKeyToken=b03f5f7f11d50a3a" className="FaceRecognition.Test.RecognizeClassViewModelTest, FaceRecognition.Test, Version=1.0.0.0, Culture=neutral, PublicKeyToken=null" name="IsRecognizedTest" />
    </UnitTest>
    <UnitTest name="ConnectTest" storage="d:\diplomproject\facerecognition\facerecognition.test\bin\debug\facerecognition.test.dll" id="5aa709b1-9fb4-52b5-ff6d-8343d5a7b06c">
      <DeploymentItems>
        <DeploymentItem filename="FaceRecognition.exe" />
      </DeploymentItems>
      <Execution id="7af416cc-9453-4df1-9ac7-e1b9d25ca629" />
      <TestMethod codeBase="D:/DiplomProject/FaceRecognition/FaceRecognition.Test/bin/Debug/FaceRecognition.Test.DLL" adapterTypeName="Microsoft.VisualStudio.TestTools.TestTypes.Unit.UnitTestAdapter, Microsoft.VisualStudio.QualityTools.Tips.UnitTest.Adapter, Version=10.0.0.0, Culture=neutral, PublicKeyToken=b03f5f7f11d50a3a" className="FaceRecognition.Test.EigenFaceControlTest, FaceRecognition.Test, Version=1.0.0.0, Culture=neutral, PublicKeyToken=null" name="ConnectTest" />
    </UnitTest>
    <UnitTest name="ExportDetailsTest" storage="d:\diplomproject\facerecognition\facerecognition.test\bin\debug\facerecognition.test.dll" id="c92a17ca-433a-829d-cf32-09849d32a175">
      <Execution id="66b9408d-87af-4136-a4b3-9307e9bd55be" />
      <TestMethod codeBase="D:/DiplomProject/FaceRecognition/FaceRecognition.Test/bin/Debug/FaceRecognition.Test.DLL" adapterTypeName="Microsoft.VisualStudio.TestTools.TestTypes.Unit.UnitTestAdapter, Microsoft.VisualStudio.QualityTools.Tips.UnitTest.Adapter, Version=10.0.0.0, Culture=neutral, PublicKeyToken=b03f5f7f11d50a3a" className="FaceRecognition.Test.ExcelExporterTest, FaceRecognition.Test, Version=1.0.0.0, Culture=neutral, PublicKeyToken=null" name="ExportDetailsTest" />
    </UnitTest>
    <UnitTest name="DisposeTest" storage="d:\diplomproject\facerecognition\facerecognition.test\bin\debug\facerecognition.test.dll" id="169e6142-b050-8286-dfd6-53cdd6a8213a">
      <Execution id="49d3d4bd-8663-4889-861b-f37b9cbadeaf" />
      <TestMethod codeBase="D:/DiplomProject/FaceRecognition/FaceRecognition.Test/bin/Debug/FaceRecognition.Test.DLL" adapterTypeName="Microsoft.VisualStudio.TestTools.TestTypes.Unit.UnitTestAdapter, Microsoft.VisualStudio.QualityTools.Tips.UnitTest.Adapter, Version=10.0.0.0, Culture=neutral, PublicKeyToken=b03f5f7f11d50a3a" className="FaceRecognition.Test.ViewModelBaseTest, FaceRecognition.Test, Version=1.0.0.0, Culture=neutral, PublicKeyToken=null" name="DisposeTest" />
    </UnitTest>
    <UnitTest name="BackPropagationThreeLayersConstructorTest" storage="d:\diplomproject\facerecognition\facerecognition.test\bin\debug\facerecognition.test.dll" id="f622453e-2870-60f0-5d43-8a5270335475">
      <Execution id="189d3b4f-cb4e-45e7-a478-4a0a7f65141e" />
      <TestMethod codeBase="D:/DiplomProject/FaceRecognition/FaceRecognition.Test/bin/Debug/FaceRecognition.Test.DLL" adapterTypeName="Microsoft.VisualStudio.TestTools.TestTypes.Unit.UnitTestAdapter, Microsoft.VisualStudio.QualityTools.Tips.UnitTest.Adapter, Version=10.0.0.0, Culture=neutral, PublicKeyToken=b03f5f7f11d50a3a" className="FaceRecognition.Test.BackPropagationThreeLayersTest, FaceRecognition.Test, Version=1.0.0.0, Culture=neutral, PublicKeyToken=null" name="BackPropagationThreeLayersConstructorTest" />
    </UnitTest>
    <UnitTest name="InitializeComponentTest" storage="d:\diplomproject\facerecognition\facerecognition.test\bin\debug\facerecognition.test.dll" id="d10238f7-c20a-de9c-9f13-24cb13bcc44b">
      <Execution id="f9d48f02-230f-4e81-9556-77f9d69cde69" />
      <TestMethod codeBase="D:/DiplomProject/FaceRecognition/FaceRecognition.Test/bin/Debug/FaceRecognition.Test.DLL" adapterTypeName="Microsoft.VisualStudio.TestTools.TestTypes.Unit.UnitTestAdapter, Microsoft.VisualStudio.QualityTools.Tips.UnitTest.Adapter, Version=10.0.0.0, Culture=neutral, PublicKeyToken=b03f5f7f11d50a3a" className="FaceRecognition.Test.d__diplomprojects_diplomproject_facerecognition_styles_textblockstyle_xamlTest, FaceRecognition.Test, Version=1.0.0.0, Culture=neutral, PublicKeyToken=null" name="InitializeComponentTest" />
    </UnitTest>
    <UnitTest name="OnDataSavedTest" storage="d:\diplomproject\facerecognition\facerecognition.test\bin\debug\facerecognition.test.dll" id="b96b3482-da83-0756-c8ef-468e590545d6">
      <DeploymentItems>
        <DeploymentItem filename="FaceRecognition.exe" />
      </DeploymentItems>
      <Execution id="1ab4d489-d4a8-4c34-b78d-8da8dead4849" />
      <TestMethod codeBase="D:/DiplomProject/FaceRecognition/FaceRecognition.Test/bin/Debug/FaceRecognition.Test.DLL" adapterTypeName="Microsoft.VisualStudio.TestTools.TestTypes.Unit.UnitTestAdapter, Microsoft.VisualStudio.QualityTools.Tips.UnitTest.Adapter, Version=10.0.0.0, Culture=neutral, PublicKeyToken=b03f5f7f11d50a3a" className="FaceRecognition.Test.MainWindowTest, FaceRecognition.Test, Version=1.0.0.0, Culture=neutral, PublicKeyToken=null" name="OnDataSavedTest" />
    </UnitTest>
    <UnitTest name="SaveNeuronNetTest" storage="d:\diplomproject\facerecognition\facerecognition.test\bin\debug\facerecognition.test.dll" id="06135590-d200-5cfc-fb41-6d54e898c99f">
      <DeploymentItems>
        <DeploymentItem filename="FaceRecognition.exe" />
      </DeploymentItems>
      <Execution id="8094f25b-6cce-4e78-b1b5-491ce58ff940" />
      <TestMethod codeBase="D:/DiplomProject/FaceRecognition/FaceRecognition.Test/bin/Debug/FaceRecognition.Test.DLL" adapterTypeName="Microsoft.VisualStudio.TestTools.TestTypes.Unit.UnitTestAdapter, Microsoft.VisualStudio.QualityTools.Tips.UnitTest.Adapter, Version=10.0.0.0, Culture=neutral, PublicKeyToken=b03f5f7f11d50a3a" className="FaceRecognition.Test.NeuralNetworksViewModelTest, FaceRecognition.Test, Version=1.0.0.0, Culture=neutral, PublicKeyToken=null" name="SaveNeuronNetTest" />
    </UnitTest>
    <UnitTest name="ErrorTest" storage="d:\diplomproject\facerecognition\facerecognition.test\bin\debug\facerecognition.test.dll" id="d1abd4cc-bd40-7531-afba-b796ccac0821">
      <Execution id="a0be8bf8-ea0b-450c-9fe9-117876c659f8" />
      <TestMethod codeBase="D:/DiplomProject/FaceRecognition/FaceRecognition.Test/bin/Debug/FaceRecognition.Test.DLL" adapterTypeName="Microsoft.VisualStudio.TestTools.TestTypes.Unit.UnitTestAdapter, Microsoft.VisualStudio.QualityTools.Tips.UnitTest.Adapter, Version=10.0.0.0, Culture=neutral, PublicKeyToken=b03f5f7f11d50a3a" className="FaceRecognition.Test.NeuralNetworksViewModelTest, FaceRecognition.Test, Version=1.0.0.0, Culture=neutral, PublicKeyToken=null" name="ErrorTest" />
    </UnitTest>
    <UnitTest name="NumberTrainTestFacesEventArgsConstructorTest" storage="d:\diplomproject\facerecognition\facerecognition.test\bin\debug\facerecognition.test.dll" id="67d6dd01-0770-343e-c73f-78163774e2ed">
      <Execution id="bd45fe03-a731-4ee1-b296-d93f91caf296" />
      <TestMethod codeBase="D:/DiplomProject/FaceRecognition/FaceRecognition.Test/bin/Debug/FaceRecognition.Test.DLL" adapterTypeName="Microsoft.VisualStudio.TestTools.TestTypes.Unit.UnitTestAdapter, Microsoft.VisualStudio.QualityTools.Tips.UnitTest.Adapter, Version=10.0.0.0, Culture=neutral, PublicKeyToken=b03f5f7f11d50a3a" className="FaceRecognition.Test.NumberTrainTestFacesEventArgsTest, FaceRecognition.Test, Version=1.0.0.0, Culture=neutral, PublicKeyToken=null" name="NumberTrainTestFacesEventArgsConstructorTest" />
    </UnitTest>
    <UnitTest name="TrainTest" storage="d:\diplomproject\facerecognition\facerecognition.test\bin\debug\facerecognition.test.dll" id="34c1fa68-4517-6166-4ebb-b0833f732e6f">
      <Execution id="5376f482-9849-4321-8d42-bc81c171040c" />
      <TestMethod codeBase="D:/DiplomProject/FaceRecognition/FaceRecognition.Test/bin/Debug/FaceRecognition.Test.DLL" adapterTypeName="Microsoft.VisualStudio.TestTools.TestTypes.Unit.UnitTestAdapter, Microsoft.VisualStudio.QualityTools.Tips.UnitTest.Adapter, Version=10.0.0.0, Culture=neutral, PublicKeyToken=b03f5f7f11d50a3a" className="FaceRecognition.Test.RecognizeMethodsViewModelBaseTest, FaceRecognition.Test, Version=1.0.0.0, Culture=neutral, PublicKeyToken=null" name="TrainTest" />
    </UnitTest>
    <UnitTest name="OnSelectedDataBaseTest" storage="d:\diplomproject\facerecognition\facerecognition.test\bin\debug\facerecognition.test.dll" id="16f796df-118c-77da-898d-de772bc70cfa">
      <DeploymentItems>
        <DeploymentItem filename="FaceRecognition.exe" />
      </DeploymentItems>
      <Execution id="0435be29-df32-4521-9cc0-edc20d3ac43e" />
      <TestMethod codeBase="D:/DiplomProject/FaceRecognition/FaceRecognition.Test/bin/Debug/FaceRecognition.Test.DLL" adapterTypeName="Microsoft.VisualStudio.TestTools.TestTypes.Unit.UnitTestAdapter, Microsoft.VisualStudio.QualityTools.Tips.UnitTest.Adapter, Version=10.0.0.0, Culture=neutral, PublicKeyToken=b03f5f7f11d50a3a" className="FaceRecognition.Test.SelectionDataBaseViewModelTest, FaceRecognition.Test, Version=1.0.0.0, Culture=neutral, PublicKeyToken=null" name="OnSelectedDataBaseTest" />
    </UnitTest>
    <UnitTest name="SelectionDataBaseViewModel_SelectedDataBaseEventTest" storage="d:\diplomproject\facerecognition\facerecognition.test\bin\debug\facerecognition.test.dll" id="d20f3e9b-b31b-6c94-1756-6dd2f5916de4">
      <DeploymentItems>
        <DeploymentItem filename="FaceRecognition.exe" />
      </DeploymentItems>
      <Execution id="ad965ce2-54dd-488f-84bb-8282eb6796f4" />
      <TestMethod codeBase="D:/DiplomProject/FaceRecognition/FaceRecognition.Test/bin/Debug/FaceRecognition.Test.DLL" adapterTypeName="Microsoft.VisualStudio.TestTools.TestTypes.Unit.UnitTestAdapter, Microsoft.VisualStudio.QualityTools.Tips.UnitTest.Adapter, Version=10.0.0.0, Culture=neutral, PublicKeyToken=b03f5f7f11d50a3a" className="FaceRecognition.Test.SelectionTrainTestImagesViewModelTest, FaceRecognition.Test, Version=1.0.0.0, Culture=neutral, PublicKeyToken=null" name="SelectionDataBaseViewModel_SelectedDataBaseEventTest" />
    </UnitTest>
    <UnitTest name="MainTest" storage="d:\diplomproject\facerecognition\facerecognition.test\bin\debug\facerecognition.test.dll" id="630542a1-2ea8-43de-99b4-b2ec5e69e45a">
      <Execution id="df67476c-b9ef-4e03-8d1f-9ef2293e3ec7" />
      <TestMethod codeBase="D:/DiplomProject/FaceRecognition/FaceRecognition.Test/bin/Debug/FaceRecognition.Test.DLL" adapterTypeName="Microsoft.VisualStudio.TestTools.TestTypes.Unit.UnitTestAdapter, Microsoft.VisualStudio.QualityTools.Tips.UnitTest.Adapter, Version=10.0.0.0, Culture=neutral, PublicKeyToken=b03f5f7f11d50a3a" className="FaceRecognition.Test.AppTest, FaceRecognition.Test, Version=1.0.0.0, Culture=neutral, PublicKeyToken=null" name="MainTest" />
    </UnitTest>
    <UnitTest name="MainWindow_TrainAndTestDataSavedEventTest" storage="d:\diplomproject\facerecognition\facerecognition.test\bin\debug\facerecognition.test.dll" id="eeaf1f9c-6b91-354c-52cf-9b11e1eb1d6f">
      <DeploymentItems>
        <DeploymentItem filename="FaceRecognition.exe" />
      </DeploymentItems>
      <Execution id="01d4fd28-5be4-45ec-84a6-631572bb59b7" />
      <TestMethod codeBase="D:/DiplomProject/FaceRecognition/FaceRecognition.Test/bin/Debug/FaceRecognition.Test.DLL" adapterTypeName="Microsoft.VisualStudio.TestTools.TestTypes.Unit.UnitTestAdapter, Microsoft.VisualStudio.QualityTools.Tips.UnitTest.Adapter, Version=10.0.0.0, Culture=neutral, PublicKeyToken=b03f5f7f11d50a3a" className="FaceRecognition.Test.SelectionTrainTestImagesViewModelTest, FaceRecognition.Test, Version=1.0.0.0, Culture=neutral, PublicKeyToken=null" name="MainWindow_TrainAndTestDataSavedEventTest" />
    </UnitTest>
[...]
   at Microsoft.Practices.ServiceLocation.ServiceLocatorImplBase.GetInstance[TService](String key) in c:\Home\Chris\Projects\CommonServiceLocator\main\Microsoft.Practices.ServiceLocation\ServiceLocatorImplBase.cs:line 103
   at Microsoft.Practices.EnterpriseLibrary.ExceptionHandling.ExceptionPolicy.GetExceptionPolicy(Exception exception, String policyName) in e:\Builds\EntLib\Latest\Source\Blocks\ExceptionHandling\Src\ExceptionHandling\ExceptionPolicy.cs:line 131
   at Microsoft.Practices.EnterpriseLibrary.ExceptionHandling.ExceptionPolicy.HandleException(Exception exceptionToHandle, String policyName) in e:\Builds\EntLib\Latest\Source\Blocks\ExceptionHandling\Src\ExceptionHandling\ExceptionPolicy.cs:line 55
   at FaceRecognition.ViewModel.RecognitionMethodsViewModel.NeuralNetworksViewModel.CreateNeuralNetwork() in D:\DiplomProject\FaceRecognition\ViewModel\RecognitionMethodsViewModel\NeuralNetworksViewModel.cs:line 293
   at FaceRecognition.ViewModel.RecognitionMethodsViewModel.NeuralNetworksViewModel..ctor() in D:\DiplomProject\FaceRecognition\ViewModel\RecognitionMethodsViewModel\NeuralNetworksViewModel.cs:line 66
   at FaceRecognition.Test.NeuralNetworksViewModelTest.SelectedLayerTest() in D:\DiplomProject\FaceRecognition\FaceRecognition.Test\NeuralNetworksViewModelTest.cs:line 354
</StackTrace>
        </ErrorInfo>
      </Output>
    </UnitTestResult>
    <UnitTestResult executionId="642374ca-ee93-47e9-ab96-48d1af2904eb" testId="1c9cf890-7f4e-e759-dbdc-472b8ba9f628" testName="GetRecognizeFaceTest" computerName="MICROSOF-4C612A" duration="00:00:00.0057769" startTime="2011-05-29T01:27:05.8906250+03:00" endTime="2011-05-29T01:27:05.9062500+03:00" testType="13cdc9d9-ddb5-4fa4-a97d-d965ccfc6d4b" outcome="Failed" testListId="8c84fa94-04c1-424b-9868-57a2d4851a1d" relativeResultsDirectory="642374ca-ee93-47e9-ab96-48d1af2904eb">
      <Output>
        <ErrorInfo>
          <Message>Test method FaceRecognition.Test.RecognizeMethodsViewModelBaseTest.GetRecognizeFaceTest threw exception: 
System.NullReferenceException: Object reference not set to an instance of an object.</Message>
          <StackTrace>   at FaceRecognition.ViewModel.RecognitionMethodsViewModel.RecognizeMethodsViewModelBase_Accessor.GetRecognizeFace()
   at FaceRecognition.Test.RecognizeMethodsViewModelBaseTest.GetRecognizeFaceTest() in D:\DiplomProject\FaceRecognition\FaceRecognition.Test\RecognizeMethodsViewModelBaseTest.cs:line 84
</StackTrace>
        </ErrorInfo>
      </Output>
    </UnitTestResult>
    <UnitTestResult executionId="bfcc867a-fb9a-46b7-8509-1983748f5295" testId="f1bc5729-3503-1ab7-34dc-5bef87c78d97" testName="OnDrawRecognizedFacesTest" computerName="MICROSOF-4C612A" duration="00:00:00.0133592" startTime="2011-05-29T01:27:05.9062500+03:00" endTime="2011-05-29T01:27:05.9218750+03:00" testType="13cdc9d9-ddb5-4fa4-a97d-d965ccfc6d4b" outcome="Failed" testListId="8c84fa94-04c1-424b-9868-57a2d4851a1d" relativeResultsDirectory="bfcc867a-fb9a-46b7-8509-1983748f5295">
      <Output>
        <ErrorInfo>
          <Message>Test method FaceRecognition.Test.RecognizeMethodsViewModelBaseTest.OnDrawRecognizedFacesTest threw exception: 
System.NullReferenceException: Object reference not set to an instance of an object.</Message>
          <StackTrace>   at FaceRecognition.ViewModel.RecognitionMethodsViewModel.RecognizeMethodsViewModelBase_Accessor.OnDrawRecognizedFaces(Double percentRecFaces)
   at FaceRecognition.Test.RecognizeMethodsViewModelBaseTest.OnDrawRecognizedFacesTest() in D:\DiplomProject\FaceRecognition\FaceRecognition.Test\RecognizeMethodsViewModelBaseTest.cs:line 98
</StackTrace>
        </ErrorInfo>
      </Output>
    </UnitTestResult>
    <UnitTestResult executionId="ea72387e-6b13-4f95-923c-8d40c3e894f5" testId="b6d616da-461f-2ef0-1a75-14167ecdd8e2" testName="RecognizeTest" computerName="MICROSOF-4C612A" duration="00:00:00.0048657" startTime="2011-05-29T01:27:05.9375000+03:00" endTime="2011-05-29T01:27:05.9531250+03:00" testType="13cdc9d9-ddb5-4fa4-a97d-d965ccfc6d4b" outcome="Failed" testListId="8c84fa94-04c1-424b-9868-57a2d4851a1d" relativeResultsDirectory="ea72387e-6b13-4f95-923c-8d40c3e894f5">
      <Output>
        <ErrorInfo>
          <Message>Test method FaceRecognition.Test.RecognizeMethodsViewModelBaseTest.RecognizeTest threw exception: 
System.NullReferenceException: Object reference not set to an instance of an object.</Message>
          <StackTrace>    at FaceRecognition.Test.RecognizeMethodsViewModelBaseTest.RecognizeTest() in D:\DiplomProject\FaceRecognition\FaceRecognition.Test\RecognizeMethodsViewModelBaseTest.cs:line 116
</StackTrace>
        </ErrorInfo>
      </Output>
    </UnitTestResult>
    <UnitTestResult executionId="b4990aeb-e218-42f3-abe8-a5ee10c710db" testId="2d544965-1a30-5396-b359-21420284d6d0" testName="SelectionRecognitionMethodViewModel_BeginRecognitionEventTest" computerName="MICROSOF-4C612A" duration="00:00:00.0144308" startTime="2011-05-29T01:27:05.9531250+03:00" endTime="2011-05-29T01:27:05.9687500+03:00" testType="13cdc9d9-ddb5-4fa4-a97d-d965ccfc6d4b" outcome="Failed" testListId="8c84fa94-04c1-424b-9868-57a2d4851a1d" relativeResultsDirectory="b4990aeb-e218-42f3-abe8-a5ee10c710db">
      <Output>
        <ErrorInfo>
          <Message>Test method FaceRecognition.Test.RecognizeMethodsViewModelBaseTest.SelectionRecognitionMethodViewModel_BeginRecognitionEventTest threw exception: 
System.NullReferenceException: Object reference not set to an instance of an object.</Message>
          <StackTrace>   at FaceRecognition.ViewModel.RecognitionMethodsViewModel.RecognizeMethodsViewModelBase_Accessor.SelectionRecognitionMethodViewModel_BeginRecognitionEvent(Object sender, EventArgs e)
   at FaceRecognition.Test.RecognizeMethodsViewModelBaseTest.SelectionRecognitionMethodViewModel_BeginRecognitionEventTest() in D:\DiplomProject\FaceRecognition\FaceRecognition.Test\RecognizeMethodsViewModelBaseTest.cs:line 131
</StackTrace>
        </ErrorInfo>
      </Output>
    </UnitTestResult>
    <UnitTestResult executionId="f3ef3e45-d896-4f1f-b16b-5cfe53e89d17" testId="39a0325e-51a6-18e5-0a52-7b4d0ce82414" testName="SelectionRecognitionMethodViewModel_GetSelectedRecognizeMethodEventTest" computerName="MICROSOF-4C612A" duration="00:00:00.0157545" startTime="2011-05-29T01:27:05.9687500+03:00" endTime="2011-05-29T01:27:06.0000000+03:00" testType="13cdc9d9-ddb5-4fa4-a97d-d965ccfc6d4b" outcome="Failed" testListId="8c84fa94-04c1-424b-9868-57a2d4851a1d" relativeResultsDirectory="f3ef3e45-d896-4f1f-b16b-5cfe53e89d17">
      <Output>
        <ErrorInfo>
          <Message>Test method FaceRecognition.Test.RecognizeMethodsViewModelBaseTest.SelectionRecognitionMethodViewModel_GetSelectedRecognizeMethodEventTest threw exception: 
System.NullReferenceException: Object reference not set to an instance of an object.</Message>
          <StackTrace>   at FaceRecognition.ViewModel.RecognitionMethodsViewModel.RecognizeMethodsViewModelBase_Accessor.SelectionRecognitionMethodViewModel_GetSelectedRecognizeMethodEvent(Object sender, RecognizeMethodEventArgs e)
   at FaceRecognition.Test.RecognizeMethodsViewModelBaseTest.SelectionRecognitionMethodViewModel_GetSelectedRecognizeMethodEventTest() in D:\DiplomProject\FaceRecognition\FaceRecognition.Test\RecognizeMethodsViewModelBaseTest.cs:line 146
</StackTrace>
        </ErrorInfo>
      </Output>
    </UnitTestResult>
    <UnitTestResult executionId="5376f482-9849-4321-8d42-bc81c171040c" testId="34c1fa68-4517-6166-4ebb-b0833f732e6f" testName="TrainTest" computerName="MICROSOF-4C612A" duration="00:00:00.0024637" startTime="2011-05-29T01:27:06.0156250+03:00" endTime="2011-05-29T01:27:06.0156250+03:00" testType="13cdc9d9-ddb5-4fa4-a97d-d965ccfc6d4b" outcome="Failed" testListId="8c84fa94-04c1-424b-9868-57a2d4851a1d" relativeResultsDirectory="5376f482-9849-4321-8d42-bc81c171040c">
      <Output>
        <ErrorInfo>
          <Message>Test method FaceRecognition.Test.RecognizeMethodsViewModelBaseTest.TrainTest threw exception: 
System.NullReferenceException: Object reference not set to an instance of an object.</Message>
          <StackTrace>    at FaceRecognition.Test.RecognizeMethodsViewModelBaseTest.TrainTest() in D:\DiplomProject\FaceRecognition\FaceRecognition.Test\RecognizeMethodsViewModelBaseTest.cs:line 157
</StackTrace>
        </ErrorInfo>
      </Output>
    </UnitTestResult>
    <UnitTestResult executionId="76bd3d09-a017-45ae-af19-11f3eaee4e3f" testId="3b2015a9-c057-062b-d849-b9e89cec86b1" testName="RecognizeTimeValueTest" computerName="MICROSOF-4C612A" duration="00:00:00.0027763" startTime="2011-05-29T01:27:06.0156250+03:00" endTime="2011-05-29T01:27:06.0468750+03:00" testType="13cdc9d9-ddb5-4fa4-a97d-d965ccfc6d4b" outcome="Failed" testListId="8c84fa94-04c1-424b-9868-57a2d4851a1d" relativeResultsDirectory="76bd3d09-a017-45ae-af19-11f3eaee4e3f">
      <Output>
        <ErrorInfo>
          <Message>Test method FaceRecognition.Test.RecognizeMethodsViewModelBaseTest.RecognizeTimeValueTest threw exception: 
System.NullReferenceException: Object reference not set to an instance of an object.</Message>
          <StackTrace>    at FaceRecognition.Test.RecognizeMethodsViewModelBaseTest.RecognizeTimeValueTest() in D:\DiplomProject\FaceRecognition\FaceRecognition.Test\RecognizeMethodsViewModelBaseTest.cs:line 170
</StackTrace>
        </ErrorInfo>
      </Output>
    </UnitTestResult>
    <UnitTestResult executionId="d1e31078-d192-422d-9b84-218ed252fbd5" testId="34676fcc-ec3b-1942-a6bb-6a86e5e34dfb" testName="TrainStatusTest" computerName="MICROSOF-4C612A" duration="00:00:00.0043156" startTime="2011-05-29T01:27:06.0468750+03:00" endTime="2011-05-29T01:27:06.0625000+03:00" testType="13cdc9d9-ddb5-4fa4-a97d-d965ccfc6d4b" outcome="Failed" testListId="8c84fa94-04c1-424b-9868-57a2d4851a1d" relativeResultsDirectory="d1e31078-d192-422d-9b84-218ed252fbd5">
      <Output>
        <ErrorInfo>
          <Message>Test method FaceRecognition.Test.RecognizeMethodsViewModelBaseTest.TrainStatusTest threw exception: 
System.NullReferenceException: Object reference not set to an instance of an object.</Message>
          <StackTrace>    at FaceRecognition.Test.RecognizeMethodsViewModelBaseTest.TrainStatusTest() in D:\DiplomProject\FaceRecognition\FaceRecognition.Test\RecognizeMethodsViewModelBaseTest.cs:line 185
</StackTrace>
        </ErrorInfo>
      </Output>
    </UnitTestResult>
    <UnitTestResult executionId="33c40fd2-2126-47f6-8576-630c55c34cf3" testId="459deba6-e660-af85-067f-ab5ed09080d5" testName="TrainTimeValueTest" computerName="MICROSOF-4C612A" duration="00:00:00.0038538" startTime="2011-05-29T01:27:06.0781250+03:00" endTime="2011-05-29T01:27:06.0937500+03:00" testType="13cdc9d9-ddb5-4fa4-a97d-d965ccfc6d4b" outcome="Failed" testListId="8c84fa94-04c1-424b-9868-57a2d4851a1d" relativeResultsDirectory="33c40fd2-2126-47f6-8576-630c55c34cf3">
      <Output>
        <ErrorInfo>
          <Message>Test method FaceRecognition.Test.RecognizeMethodsViewModelBaseTest.TrainTimeValueTest threw exception: 
System.NullReferenceException: Object reference not set to an instance of an object.</Message>
          <StackTrace>    at FaceRecognition.Test.RecognizeMethodsViewModelBaseTest.TrainTimeValueTest() in D:\DiplomProject\FaceRecognition\FaceRecognition.Test\RecognizeMethodsViewModelBaseTest.cs:line 200
</StackTrace>
        </ErrorInfo>
      </Output>
    </UnitTestResult>
    <UnitTestResult executionId="075838d0-f8c9-4214-ae71-323db4bb88b4" testId="89889c63-3624-1133-33de-7997331a9719" testName="_DefaultTest" computerName="MICROSOF-4C612A" duration="00:00:00.0120051" startTime="2011-05-29T01:27:06.0937500+03:00" endTime="2011-05-29T01:27:06.1093750+03:00" testType="13cdc9d9-ddb5-4fa4-a97d-d965ccfc6d4b" outcome="Failed" testListId="8c84fa94-04c1-424b-9868-57a2d4851a1d" relativeResultsDirectory="075838d0-f8c9-4214-ae71-323db4bb88b4">
      <Output>
        <ErrorInfo>
          <Message>Test method FaceRecognition.Test.RangeTest._DefaultTest threw exception: 
System.NullReferenceException: Object reference not set to an instance of an object.</Message>
          <StackTrace>    at FaceRecognition.Test.RangeTest._DefaultTest() in D:\DiplomProject\FaceRecognition\FaceRecognition.Test\RangeTest.cs:line 85
</StackTrace>
        </ErrorInfo>
      </Output>
    </UnitTestResult>
    <UnitTestResult executionId="a4c84a5c-86ac-44fb-bb43-ad4b1f566701" testId="f9668630-fcdf-5b21-e038-cbf59bdf8131" testName="ItemTest" computerName="MICROSOF-4C612A" duration="00:00:00.0132460" startTime="2011-05-29T01:27:06.1093750+03:00" endTime="2011-05-29T01:27:06.1250000+03:00" testType="13cdc9d9-ddb5-4fa4-a97d-d965ccfc6d4b" outcome="Failed" testListId="8c84fa94-04c1-424b-9868-57a2d4851a1d" relativeResultsDirectory="a4c84a5c-86ac-44fb-bb43-ad4b1f566701">
      <Output>
        <ErrorInfo>
          <Message>Test method FaceRecognition.Test.SheetsTest.ItemTest threw exception: 
System.NullReferenceException: Object reference not set to an instance of an object.</Message>
          <StackTrace>    at FaceRecognition.Test.SheetsTest.ItemTest() in D:\DiplomProject\FaceRecognition\FaceRecognition.Test\SheetsTest.cs:line 83
</StackTrace>
        </ErrorInfo>
      </Output>
    </UnitTestResult>
    <UnitTestResult executionId="7fe0aa46-bab2-42bc-9892-ebbe8bd781dc" testId="45e37ca1-17b1-8305-e341-8bf8a38f97db" testName="AddTest" computerName="MICROSOF-4C612A" duration="00:00:00.0055702" startTime="2011-05-29T01:27:06.1562500+03:00" endTime="2011-05-29T01:27:06.1718750+03:00" testType="13cdc9d9-ddb5-4fa4-a97d-d965ccfc6d4b" outcome="Failed" testListId="8c84fa94-04c1-424b-9868-57a2d4851a1d" relativeResultsDirectory="7fe0aa46-bab2-42bc-9892-ebbe8bd781dc">
      <Output>
        <ErrorInfo>
          <Message>Test method FaceRecognition.Test.WorkbooksTest.AddTest threw exception: 
System.NullReferenceException: Object reference not set to an instance of an object.</Message>
          <StackTrace>    at FaceRecognition.Test.WorkbooksTest.AddTest() in D:\DiplomProject\FaceRecognition\FaceRecognition.Test\WorkbooksTest.cs:line 84
</StackTrace>
        </ErrorInfo>
      </Output>
    </UnitTestResult>
    <UnitTestResult executionId="a6e023ab-0c08-4547-a13a-f65ec158ddf3" testId="6537942d-a9e0-06b3-1278-f079404dcd6a" testName="QuitTest" computerName="MICROSOF-4C612A" duration="00:00:00.0026237" startTime="2011-05-29T01:27:06.1875000+03:00" endTime="2011-05-29T01:27:06.1875000+03:00" testType="13cdc9d9-ddb5-4fa4-a97d-d965ccfc6d4b" outcome="Failed" testListId="8c84fa94-04c1-424b-9868-57a2d4851a1d" relativeResultsDirectory="a6e023ab-0c08-4547-a13a-f65ec158ddf3">
      <Output>
        <ErrorInfo>
          <Message>Test method FaceRecognition.Test._ApplicationTest.QuitTest threw exception: 
System.NullReferenceException: Object reference not set to an instance of an object.</Message>
          <StackTrace>    at FaceRecognition.Test._ApplicationTest.QuitTest() in D:\DiplomProject\FaceRecognition\FaceRecognition.Test\_ApplicationTest.cs:line 81
</StackTrace>
        </ErrorInfo>
      </Output>
    </UnitTestResult>
    <UnitTestResult executionId="9f08808b-4c48-465f-8275-464fbebdab6c" testId="41627e48-a14a-71b0-150a-979d97d42a5b" testName="WorkbooksTest" computerName="MICROSOF-4C612A" duration="00:00:00.0179726" startTime="2011-05-29T01:27:06.2031250+03:00" endTime="2011-05-29T01:27:06.2187500+03:00" testType="13cdc9d9-ddb5-4fa4-a97d-d965ccfc6d4b" outcome="Failed" testListId="8c84fa94-04c1-424b-9868-57a2d4851a1d" relativeResultsDirectory="9f08808b-4c48-465f-8275-464fbebdab6c">
      <Output>
        <ErrorInfo>
          <Message>Test method FaceRecognition.Test._ApplicationTest.WorkbooksTest threw exception: 
System.NullReferenceException: Object reference not set to an instance of an object.</Message>
          <StackTrace>    at FaceRecognition.Test._ApplicationTest.WorkbooksTest() in D:\DiplomProject\FaceRecognition\FaceRecognition.Test\_ApplicationTest.cs:line 93
</StackTrace>
        </ErrorInfo>
      </Output>
    </UnitTestResult>
    <UnitTestResult executionId="14e3cac2-0365-43a2-8e37-37bb9dac1706" testId="4ae91caf-d8f8-b134-ef42-3030fca54c5a" testName="CloseTest" computerName="MICROSOF-4C612A" duration="00:00:00.0053051" startTime="2011-05-29T01:27:06.2343750+03:00" endTime="2011-05-29T01:27:06.2500000+03:00" testType="13cdc9d9-ddb5-4fa4-a97d-d965ccfc6d4b" outcome="Failed" testListId="8c84fa94-04c1-424b-9868-57a2d4851a1d" relativeResultsDirectory="14e3cac2-0365-43a2-8e37-37bb9dac1706">
      <Output>
        <ErrorInfo>
          <Message>Test method FaceRecognition.Test._WorkbookTest.CloseTest threw exception: 
System.NullReferenceException: Object reference not set to an instance of an object.</Message>
          <StackTrace>    at FaceRecognition.Test._WorkbookTest.CloseTest() in D:\DiplomProject\FaceRecognition\FaceRecognition.Test\_WorkbookTest.cs:line 84
</StackTrace>
        </ErrorInfo>
      </Output>
    </UnitTestResult>
    <UnitTestResult executionId="f03ceb5d-fde8-4273-908a-042cb0439c83" testId="3d572331-a586-0b4d-2c20-72e89cadaa26" testName="SaveAsTest" computerName="MICROSOF-4C612A" duration="00:00:00.0130175" startTime="2011-05-29T01:27:06.2500000+03:00" endTime="2011-05-29T01:27:06.2656250+03:00" testType="13cdc9d9-ddb5-4fa4-a97d-d965ccfc6d4b" outcome="Failed" testListId="8c84fa94-04c1-424b-9868-57a2d4851a1d" relativeResultsDirectory="f03ceb5d-fde8-4273-908a-042cb0439c83">
      <Output>
        <ErrorInfo>
          <Message>Test method FaceRecognition.Test._WorkbookTest.SaveAsTest threw exception: 
System.NullReferenceException: Object reference not set to an instance of an object.</Message>
          <StackTrace>    at FaceRecognition.Test._WorkbookTest.SaveAsTest() in D:\DiplomProject\FaceRecognition\FaceRecognition.Test\_WorkbookTest.cs:line 107
</StackTrace>
        </ErrorInfo>
      </Output>
    </UnitTestResult>
    <UnitTestResult executionId="c471a5ab-a295-4a0a-9066-613dde0bc920" testId="909bffc3-2179-1a80-a579-e48a1f9598de" testName="WorksheetsTest" computerName="MICROSOF-4C612A" duration="00:00:00.0141230" startTime="2011-05-29T01:27:06.2656250+03:00" endTime="2011-05-29T01:27:06.2968750+03:00" testType="13cdc9d9-ddb5-4fa4-a97d-d965ccfc6d4b" outcome="Failed" testListId="8c84fa94-04c1-424b-9868-57a2d4851a1d" relativeResultsDirectory="c471a5ab-a295-4a0a-9066-613dde0bc920">
      <Output>
        <ErrorInfo>
          <Message>Test method FaceRecognition.Test._WorkbookTest.WorksheetsTest threw exception: 
System.NullReferenceException: Object reference not set to an instance of an object.</Message>
          <StackTrace>    at FaceRecognition.Test._WorkbookTest.WorksheetsTest() in D:\DiplomProject\FaceRecognition\FaceRecognition.Test\_WorkbookTest.cs:line 119
</StackTrace>
        </ErrorInfo>
      </Output>
    </UnitTestResult>
    <UnitTestResult executionId="24200c2c-6c21-48c7-a584-43a7bbdf92d5" testId="21bc34ea-a52c-1c85-61b5-ae2e2de0bcde" testName="CellsTest" computerName="MICROSOF-4C612A" duration="00:00:00.0028363" startTime="2011-05-29T01:27:06.2968750+03:00" endTime="2011-05-29T01:27:06.3125000+03:00" testType="13cdc9d9-ddb5-4fa4-a97d-d965ccfc6d4b" outcome="Failed" testListId="8c84fa94-04c1-424b-9868-57a2d4851a1d" relativeResultsDirectory="24200c2c-6c21-48c7-a584-43a7bbdf92d5">
      <Output>
        <ErrorInfo>
          <Message>Test method FaceRecognition.Test._WorksheetTest.CellsTest threw exception: 
System.NullReferenceException: Object reference not set to an instance of an object.</Message>
          <StackTrace>    at FaceRecognition.Test._WorksheetTest.CellsTest() in D:\DiplomProject\FaceRecognition\FaceRecognition.Test\_WorksheetTest.cs:line 82
</StackTrace>
        </ErrorInfo>
      </Output>
    </UnitTestResult>
  </Results>
</TestRun>